Using pre-set license

 COMMAND LINE ARGUMENTS:
/Applications/Unity/Hub/Editor/2020.2.7f1/Unity.app/Contents/MacOS/Unity
-adb2
-batchMode
-noUpm
-name
AssetImportWorker0
-projectPath
/Users/itoakitaka/Desktop/Unity/CarGame
-logFile
Logs/AssetImportWorker0.log
-srvPort
64145
Successfully changed project path to: /Users/itoakitaka/Desktop/Unity/CarGame
/Users/itoakitaka/Desktop/Unity/CarGame
Using Asset Import Pipeline V2.
Refreshing native plugins compatible for Editor in 23.77 ms, found 1 plugins.
Preloading 0 native plugins for Editor in 0.00 ms.
Initialize engine version: 2020.2.7f1 (c53830e277f1)
[Subsystems] Discovering subsystems at path /Applications/Unity/Hub/Editor/2020.2.7f1/Unity.app/Contents/Resources/UnitySubsystems
[Subsystems] Discovering subsystems at path /Users/itoakitaka/Desktop/Unity/CarGame/Assets
GfxDevice: creating device client; threaded=0
2023-08-21 14:05:32.548 Unity[79940:12340738] (null) preferred device: Apple M1 Pro (high power)
2023-08-21 14:05:32.548 Unity[79940:12340738] Metal devices available: 1
2023-08-21 14:05:32.548 Unity[79940:12340738] 0: Apple M1 Pro (high power)
2023-08-21 14:05:32.548 Unity[79940:12340738] Using device Apple M1 Pro (high power)
Initializing Metal device caps: Apple M1 Pro
Initialize mono
Mono path[0] = '/Applications/Unity/Hub/Editor/2020.2.7f1/Unity.app/Contents/Managed'
Mono path[1] = '/Applications/Unity/Hub/Editor/2020.2.7f1/Unity.app/Contents/MonoBleedingEdge/lib/mono/unityjit'
Mono config path = '/Applications/Unity/Hub/Editor/2020.2.7f1/Unity.app/Contents/MonoBleedingEdge/etc'
Using monoOptions --debugger-agent=transport=dt_socket,embedding=1,server=y,suspend=n,address=127.0.0.1:56940
Begin MonoManager ReloadAssembly
Registering precompiled unity dll's ...
Register platform support module: /Applications/Unity/Hub/Editor/2020.2.7f1/Unity.app/Contents/PlaybackEngines/MacStandaloneSupport/UnityEditor.OSXStandalone.Extensions.dll
Registered in 0.002016 seconds.
Native extension for OSXStandalone target not found
Refreshing native plugins compatible for Editor in 22.95 ms, found 1 plugins.
Preloading 0 native plugins for Editor in 0.00 ms.
Invoked RoslynAnalysisRunner static constructor.
RoslynAnalysisRunner will not be running.
RoslynAnalysisRunner has terminated.
Mono: successfully reloaded assembly
- Completed reload, in  2.365 seconds
Platform modules already initialized, skipping
Registering precompiled user dll's ...
Registered in 0.000821 seconds.
Begin MonoManager ReloadAssembly
Native extension for OSXStandalone target not found
Refreshing native plugins compatible for Editor in 0.25 ms, found 1 plugins.
Preloading 0 native plugins for Editor in 0.00 ms.
Invoked RoslynAnalysisRunner static constructor.
RoslynAnalysisRunner will not be running.
RoslynAnalysisRunner has terminated.
Mono: successfully reloaded assembly
- Completed reload, in  1.610 seconds
Platform modules already initialized, skipping
========================================================================
Worker process is ready to serve import requests
Launching external process: /Applications/Unity/Hub/Editor/2020.2.7f1/Unity.app/Contents/Tools/UnityShaderCompiler
Launched and connected shader compiler UnityShaderCompiler after 0.03 seconds
Refreshing native plugins compatible for Editor in 0.22 ms, found 1 plugins.
Preloading 0 native plugins for Editor in 0.00 ms.
Unloading 1113 Unused Serialized files (Serialized files now loaded: 0)
System memory in use before: 55.3 MB.
System memory in use after: 55.4 MB.

Unloading 10 unused Assets to reduce memory usage. Loaded Objects now: 1555.
Total: 1.350750 ms (FindLiveObjects: 0.126791 ms CreateObjectMapping: 0.026167 ms MarkObjects: 1.111209 ms  DeleteObjects: 0.084458 ms)

========================================================================
Received Import Request.
  path: Assets/Scenes/Main.unity
  artifactKey: Guid(9fc0d4010bbf28b4594072e72b8655ab) Importer(815301076,1909f56bfc062723c751e8b465ee728b)
Start importing Assets/Scenes/Main.unity using Guid(9fc0d4010bbf28b4594072e72b8655ab) Importer(815301076,1909f56bfc062723c751e8b465ee728b)  -> (artifact id: 'dda948dc2d1ee86efaca7bd75f14c65c') in 0.019907 seconds
  Import took 0.022627 seconds .

========================================================================
Received Import Request.
  Time since last request: 2115.157146 seconds.
  path: Assets/Materials
  artifactKey: Guid(a1d64f4a4d09e44fd97e1a21695b9970) Importer(815301076,1909f56bfc062723c751e8b465ee728b)
Start importing Assets/Materials using Guid(a1d64f4a4d09e44fd97e1a21695b9970) Importer(815301076,1909f56bfc062723c751e8b465ee728b)  -> (artifact id: 'ecb133aa1ac2bcc15997bc95fd55c067') in 0.001887 seconds
  Import took 0.003467 seconds .

========================================================================
Received Import Request.
  Time since last request: 992.376162 seconds.
  path: Assets/Simple Vehicle Pack
  artifactKey: Guid(a2e13049c11424968b77edf12e91e5a2) Importer(815301076,1909f56bfc062723c751e8b465ee728b)
Start importing Assets/Simple Vehicle Pack using Guid(a2e13049c11424968b77edf12e91e5a2) Importer(815301076,1909f56bfc062723c751e8b465ee728b)  -> (artifact id: 'b689f1fcffed16ebbb88e301ce8e5aef') in 0.001207 seconds
  Import took 0.002807 seconds .

========================================================================
Received Import Request.
  Time since last request: 3.187684 seconds.
  path: Assets/Prefabs/Car_1.prefab
  artifactKey: Guid(0ae65270c30153049ab49eb3ebf070d6) Importer(815301076,1909f56bfc062723c751e8b465ee728b)
Start importing Assets/Prefabs/Car_1.prefab using Guid(0ae65270c30153049ab49eb3ebf070d6) Importer(815301076,1909f56bfc062723c751e8b465ee728b)  -> (artifact id: 'a42a65ee497165e132cc3920403e3be1') in 0.872136 seconds
  Import took 0.874314 seconds .

========================================================================
Received Import Request.
  Time since last request: 1780.889293 seconds.
  path: Assets/Scripts
  artifactKey: Guid(1484191da71aa4634b9814f94e11e709) Importer(815301076,1909f56bfc062723c751e8b465ee728b)
Start importing Assets/Scripts using Guid(1484191da71aa4634b9814f94e11e709) Importer(815301076,1909f56bfc062723c751e8b465ee728b)  -> (artifact id: '49d3e72ce32a3f144ce9d0a03f3ae6db') in 0.001892 seconds
  Import took 0.003879 seconds .

========================================================================
Received Import Request.
  Time since last request: 30.078773 seconds.
  path: Assets/Scripts/PlayerScript.cs
  artifactKey: Guid(db50e52fddc9047eb9afe558718144d8) Importer(815301076,1909f56bfc062723c751e8b465ee728b)
Start importing Assets/Scripts/PlayerScript.cs using Guid(db50e52fddc9047eb9afe558718144d8) Importer(815301076,1909f56bfc062723c751e8b465ee728b)  -> (artifact id: 'b77f52101a2149c223e3c55b30ad3a4d') in 0.177480 seconds
  Import took 0.179284 seconds .

========================================================================
Received Prepare
Registering precompiled user dll's ...
Registered in 0.000271 seconds.
Begin MonoManager ReloadAssembly
Native extension for OSXStandalone target not found
Refreshing native plugins compatible for Editor in 0.22 ms, found 1 plugins.
Preloading 0 native plugins for Editor in 0.00 ms.
Invoked RoslynAnalysisRunner static constructor.
RoslynAnalysisRunner will not be running.
RoslynAnalysisRunner has terminated.
Mono: successfully reloaded assembly
- Completed reload, in  1.487 seconds
Platform modules already initialized, skipping
Refreshing native plugins compatible for Editor in 0.19 ms, found 1 plugins.
Preloading 0 native plugins for Editor in 0.00 ms.
Unloading 1109 Unused Serialized files (Serialized files now loaded: 0)
System memory in use before: 184.5 MB.
System memory in use after: 184.5 MB.

Unloading 5 unused Assets to reduce memory usage. Loaded Objects now: 1566.
Total: 1.056167 ms (FindLiveObjects: 0.086416 ms CreateObjectMapping: 0.022917 ms MarkObjects: 0.906292 ms  DeleteObjects: 0.039750 ms)

========================================================================
Received Import Request.
  Time since last request: 206.900435 seconds.
  path: Assets/Scripts/PlayerScript.cs
  artifactKey: Guid(db50e52fddc9047eb9afe558718144d8) Importer(815301076,1909f56bfc062723c751e8b465ee728b)
Start importing Assets/Scripts/PlayerScript.cs using Guid(db50e52fddc9047eb9afe558718144d8) Importer(815301076,1909f56bfc062723c751e8b465ee728b)  -> (artifact id: 'f61acbafb1d4abf94f1752b1a2795e1a') in 0.006972 seconds
  Import took 0.008966 seconds .

========================================================================
Received Prepare
Registering precompiled user dll's ...
Registered in 0.000211 seconds.
Begin MonoManager ReloadAssembly
Native extension for OSXStandalone target not found
Refreshing native plugins compatible for Editor in 0.22 ms, found 1 plugins.
Preloading 0 native plugins for Editor in 0.00 ms.
Invoked RoslynAnalysisRunner static constructor.
RoslynAnalysisRunner will not be running.
RoslynAnalysisRunner has terminated.
Mono: successfully reloaded assembly
- Completed reload, in  1.514 seconds
Platform modules already initialized, skipping
Refreshing native plugins compatible for Editor in 0.17 ms, found 1 plugins.
Preloading 0 native plugins for Editor in 0.00 ms.
Unloading 1109 Unused Serialized files (Serialized files now loaded: 0)
System memory in use before: 186.3 MB.
System memory in use after: 186.4 MB.

Unloading 5 unused Assets to reduce memory usage. Loaded Objects now: 1569.
Total: 1.084375 ms (FindLiveObjects: 0.101583 ms CreateObjectMapping: 0.023292 ms MarkObjects: 0.912875 ms  DeleteObjects: 0.045458 ms)

========================================================================
Received Import Request.
  Time since last request: 280.450693 seconds.
  path: Assets/Scripts/PlayerScript.cs
  artifactKey: Guid(db50e52fddc9047eb9afe558718144d8) Importer(815301076,1909f56bfc062723c751e8b465ee728b)
Start importing Assets/Scripts/PlayerScript.cs using Guid(db50e52fddc9047eb9afe558718144d8) Importer(815301076,1909f56bfc062723c751e8b465ee728b)  -> (artifact id: '33eabf6d7c6e56147f33db21dafc37d9') in 0.004980 seconds
  Import took 0.006759 seconds .

========================================================================
Received Import Request.
  Time since last request: 0.091092 seconds.
  path: Assets/Scripts/PlayerScript.cs
  artifactKey: Guid(db50e52fddc9047eb9afe558718144d8) Importer(815301076,1909f56bfc062723c751e8b465ee728b)
Start importing Assets/Scripts/PlayerScript.cs using Guid(db50e52fddc9047eb9afe558718144d8) Importer(815301076,1909f56bfc062723c751e8b465ee728b)  -> (artifact id: '33eabf6d7c6e56147f33db21dafc37d9') in 0.001568 seconds
  Import took 0.003319 seconds .

========================================================================
Received Prepare
Registering precompiled user dll's ...
Registered in 0.000288 seconds.
Begin MonoManager ReloadAssembly
Native extension for OSXStandalone target not found
Refreshing native plugins compatible for Editor in 0.21 ms, found 1 plugins.
Preloading 0 native plugins for Editor in 0.00 ms.
Invoked RoslynAnalysisRunner static constructor.
RoslynAnalysisRunner will not be running.
RoslynAnalysisRunner has terminated.
Mono: successfully reloaded assembly
- Completed reload, in  1.473 seconds
Platform modules already initialized, skipping
Refreshing native plugins compatible for Editor in 0.17 ms, found 1 plugins.
Preloading 0 native plugins for Editor in 0.00 ms.
Unloading 1109 Unused Serialized files (Serialized files now loaded: 0)
System memory in use before: 188.2 MB.
System memory in use after: 188.2 MB.

Unloading 5 unused Assets to reduce memory usage. Loaded Objects now: 1572.
Total: 1.160500 ms (FindLiveObjects: 0.160625 ms CreateObjectMapping: 0.039333 ms MarkObjects: 0.915584 ms  DeleteObjects: 0.043541 ms)

========================================================================
Received Prepare
Registering precompiled user dll's ...
Registered in 0.000271 seconds.
Begin MonoManager ReloadAssembly
Native extension for OSXStandalone target not found
Refreshing native plugins compatible for Editor in 0.23 ms, found 1 plugins.
Preloading 0 native plugins for Editor in 0.00 ms.
Invoked RoslynAnalysisRunner static constructor.
RoslynAnalysisRunner will not be running.
RoslynAnalysisRunner has terminated.
Mono: successfully reloaded assembly
- Completed reload, in  1.588 seconds
Platform modules already initialized, skipping
Refreshing native plugins compatible for Editor in 0.21 ms, found 1 plugins.
Preloading 0 native plugins for Editor in 0.00 ms.
Unloading 1109 Unused Serialized files (Serialized files now loaded: 0)
System memory in use before: 190.0 MB.
System memory in use after: 190.1 MB.

Unloading 5 unused Assets to reduce memory usage. Loaded Objects now: 1575.
Total: 1.293500 ms (FindLiveObjects: 0.150500 ms CreateObjectMapping: 0.029000 ms MarkObjects: 1.055083 ms  DeleteObjects: 0.057666 ms)

========================================================================
Received Prepare
Registering precompiled user dll's ...
Registered in 0.000342 seconds.
Begin MonoManager ReloadAssembly
Native extension for OSXStandalone target not found
Refreshing native plugins compatible for Editor in 0.22 ms, found 1 plugins.
Preloading 0 native plugins for Editor in 0.00 ms.
Invoked RoslynAnalysisRunner static constructor.
RoslynAnalysisRunner will not be running.
RoslynAnalysisRunner has terminated.
Mono: successfully reloaded assembly
- Completed reload, in  1.656 seconds
Platform modules already initialized, skipping
Refreshing native plugins compatible for Editor in 0.13 ms, found 1 plugins.
Preloading 0 native plugins for Editor in 0.00 ms.
Unloading 1109 Unused Serialized files (Serialized files now loaded: 0)
System memory in use before: 191.8 MB.
System memory in use after: 191.9 MB.

Unloading 5 unused Assets to reduce memory usage. Loaded Objects now: 1578.
Total: 1.117042 ms (FindLiveObjects: 0.103375 ms CreateObjectMapping: 0.023292 ms MarkObjects: 0.946792 ms  DeleteObjects: 0.042625 ms)

========================================================================
Received Import Request.
  Time since last request: 390.863916 seconds.
  path: Assets/Scripts/PlayerScript.cs
  artifactKey: Guid(db50e52fddc9047eb9afe558718144d8) Importer(815301076,1909f56bfc062723c751e8b465ee728b)
Start importing Assets/Scripts/PlayerScript.cs using Guid(db50e52fddc9047eb9afe558718144d8) Importer(815301076,1909f56bfc062723c751e8b465ee728b)  -> (artifact id: 'a2ea3414a344d5f4a28e0247287b2051') in 0.004833 seconds
  Import took 0.006527 seconds .

========================================================================
Received Import Request.
  Time since last request: 0.018025 seconds.
  path: Assets/Scripts/PlayerScript.cs
  artifactKey: Guid(db50e52fddc9047eb9afe558718144d8) Importer(815301076,1909f56bfc062723c751e8b465ee728b)
Start importing Assets/Scripts/PlayerScript.cs using Guid(db50e52fddc9047eb9afe558718144d8) Importer(815301076,1909f56bfc062723c751e8b465ee728b)  -> (artifact id: 'a2ea3414a344d5f4a28e0247287b2051') in 0.000985 seconds
  Import took 0.002565 seconds .

========================================================================
Received Prepare
Registering precompiled user dll's ...
Registered in 0.000288 seconds.
Begin MonoManager ReloadAssembly
Native extension for OSXStandalone target not found
Refreshing native plugins compatible for Editor in 0.22 ms, found 1 plugins.
Preloading 0 native plugins for Editor in 0.00 ms.
Invoked RoslynAnalysisRunner static constructor.
RoslynAnalysisRunner will not be running.
RoslynAnalysisRunner has terminated.
Mono: successfully reloaded assembly
- Completed reload, in  1.648 seconds
Platform modules already initialized, skipping
Refreshing native plugins compatible for Editor in 0.14 ms, found 1 plugins.
Preloading 0 native plugins for Editor in 0.00 ms.
Unloading 1109 Unused Serialized files (Serialized files now loaded: 0)
System memory in use before: 193.7 MB.
System memory in use after: 193.8 MB.

Unloading 5 unused Assets to reduce memory usage. Loaded Objects now: 1581.
Total: 1.210792 ms (FindLiveObjects: 0.154292 ms CreateObjectMapping: 0.059208 ms MarkObjects: 0.951291 ms  DeleteObjects: 0.044708 ms)

========================================================================
Received Prepare
Registering precompiled user dll's ...
Registered in 0.000227 seconds.
Begin MonoManager ReloadAssembly
Native extension for OSXStandalone target not found
Refreshing native plugins compatible for Editor in 0.22 ms, found 1 plugins.
Preloading 0 native plugins for Editor in 0.00 ms.
Invoked RoslynAnalysisRunner static constructor.
RoslynAnalysisRunner will not be running.
RoslynAnalysisRunner has terminated.
Mono: successfully reloaded assembly
- Completed reload, in  1.560 seconds
Platform modules already initialized, skipping
Refreshing native plugins compatible for Editor in 0.11 ms, found 1 plugins.
Preloading 0 native plugins for Editor in 0.00 ms.
Unloading 1109 Unused Serialized files (Serialized files now loaded: 0)
System memory in use before: 195.5 MB.
System memory in use after: 195.6 MB.

Unloading 5 unused Assets to reduce memory usage. Loaded Objects now: 1584.
Total: 1.253125 ms (FindLiveObjects: 0.103125 ms CreateObjectMapping: 0.023000 ms MarkObjects: 1.082584 ms  DeleteObjects: 0.043042 ms)

========================================================================
Received Import Request.
  Time since last request: 38.926472 seconds.
  path: Assets/Scripts/PlayerScript.cs
  artifactKey: Guid(db50e52fddc9047eb9afe558718144d8) Importer(815301076,1909f56bfc062723c751e8b465ee728b)
Start importing Assets/Scripts/PlayerScript.cs using Guid(db50e52fddc9047eb9afe558718144d8) Importer(815301076,1909f56bfc062723c751e8b465ee728b)  -> (artifact id: '9e3bd75ae2f6b1d3ab970d8aa37cde2c') in 0.005268 seconds
  Import took 0.007064 seconds .

========================================================================
Received Import Request.
  Time since last request: 0.055583 seconds.
  path: Assets/Scripts/PlayerScript.cs
  artifactKey: Guid(db50e52fddc9047eb9afe558718144d8) Importer(815301076,1909f56bfc062723c751e8b465ee728b)
Start importing Assets/Scripts/PlayerScript.cs using Guid(db50e52fddc9047eb9afe558718144d8) Importer(815301076,1909f56bfc062723c751e8b465ee728b)  -> (artifact id: '9e3bd75ae2f6b1d3ab970d8aa37cde2c') in 0.001372 seconds
  Import took 0.003176 seconds .

========================================================================
Received Prepare
Registering precompiled user dll's ...
Registered in 0.000266 seconds.
Begin MonoManager ReloadAssembly
Native extension for OSXStandalone target not found
Refreshing native plugins compatible for Editor in 0.21 ms, found 1 plugins.
Preloading 0 native plugins for Editor in 0.00 ms.
Invoked RoslynAnalysisRunner static constructor.
RoslynAnalysisRunner will not be running.
RoslynAnalysisRunner has terminated.
Mono: successfully reloaded assembly
- Completed reload, in  1.509 seconds
Platform modules already initialized, skipping
Refreshing native plugins compatible for Editor in 0.17 ms, found 1 plugins.
Preloading 0 native plugins for Editor in 0.00 ms.
Unloading 1109 Unused Serialized files (Serialized files now loaded: 0)
System memory in use before: 197.4 MB.
System memory in use after: 197.5 MB.

Unloading 5 unused Assets to reduce memory usage. Loaded Objects now: 1587.
Total: 1.136500 ms (FindLiveObjects: 0.078084 ms CreateObjectMapping: 0.021625 ms MarkObjects: 0.990000 ms  DeleteObjects: 0.045750 ms)

========================================================================
Received Prepare
Registering precompiled user dll's ...
Registered in 0.000232 seconds.
Begin MonoManager ReloadAssembly
Native extension for OSXStandalone target not found
Refreshing native plugins compatible for Editor in 0.23 ms, found 1 plugins.
Preloading 0 native plugins for Editor in 0.00 ms.
Invoked RoslynAnalysisRunner static constructor.
RoslynAnalysisRunner will not be running.
RoslynAnalysisRunner has terminated.
Mono: successfully reloaded assembly
- Completed reload, in  1.588 seconds
Platform modules already initialized, skipping
Refreshing native plugins compatible for Editor in 0.14 ms, found 1 plugins.
Preloading 0 native plugins for Editor in 0.00 ms.
Unloading 1110 Unused Serialized files (Serialized files now loaded: 0)
System memory in use before: 199.2 MB.
System memory in use after: 199.3 MB.

Unloading 5 unused Assets to reduce memory usage. Loaded Objects now: 1591.
Total: 1.225000 ms (FindLiveObjects: 0.149083 ms CreateObjectMapping: 0.029333 ms MarkObjects: 0.993959 ms  DeleteObjects: 0.051459 ms)

========================================================================
Received Import Request.
  Time since last request: 2089.411916 seconds.
  path: Assets/Scripts/NewBehaviourScript.cs
  artifactKey: Guid(bb088ea9b17af41b583b30f21bbb2c96) Importer(815301076,1909f56bfc062723c751e8b465ee728b)
Start importing Assets/Scripts/NewBehaviourScript.cs using Guid(bb088ea9b17af41b583b30f21bbb2c96) Importer(815301076,1909f56bfc062723c751e8b465ee728b)  -> (artifact id: 'e488fb0648ab99bd1856544a8359b2dd') in 0.005387 seconds
  Import took 0.007051 seconds .

========================================================================
Received Import Request.
  Time since last request: 5.357652 seconds.
  path: Assets/Scripts/LapScript.cs
  artifactKey: Guid(bb088ea9b17af41b583b30f21bbb2c96) Importer(815301076,1909f56bfc062723c751e8b465ee728b)
Start importing Assets/Scripts/LapScript.cs using Guid(bb088ea9b17af41b583b30f21bbb2c96) Importer(815301076,1909f56bfc062723c751e8b465ee728b)  -> (artifact id: '9b856d2009c7dafeaae9fc5e9de9d554') in 0.001188 seconds
  Import took 0.003087 seconds .

========================================================================
Received Prepare
Registering precompiled user dll's ...
Registered in 0.000225 seconds.
Begin MonoManager ReloadAssembly
Native extension for OSXStandalone target not found
Refreshing native plugins compatible for Editor in 0.21 ms, found 1 plugins.
Preloading 0 native plugins for Editor in 0.00 ms.
Invoked RoslynAnalysisRunner static constructor.
RoslynAnalysisRunner will not be running.
RoslynAnalysisRunner has terminated.
Mono: successfully reloaded assembly
- Completed reload, in  1.524 seconds
Platform modules already initialized, skipping
Refreshing native plugins compatible for Editor in 0.14 ms, found 1 plugins.
Preloading 0 native plugins for Editor in 0.00 ms.
Unloading 1110 Unused Serialized files (Serialized files now loaded: 0)
System memory in use before: 201.1 MB.
System memory in use after: 201.2 MB.

Unloading 5 unused Assets to reduce memory usage. Loaded Objects now: 1594.
Total: 1.178334 ms (FindLiveObjects: 0.135791 ms CreateObjectMapping: 0.021625 ms MarkObjects: 0.965708 ms  DeleteObjects: 0.054167 ms)

========================================================================
Received Import Request.
  Time since last request: 91.658716 seconds.
  path: Assets/Scripts/LapScript.cs
  artifactKey: Guid(bb088ea9b17af41b583b30f21bbb2c96) Importer(815301076,1909f56bfc062723c751e8b465ee728b)
Start importing Assets/Scripts/LapScript.cs using Guid(bb088ea9b17af41b583b30f21bbb2c96) Importer(815301076,1909f56bfc062723c751e8b465ee728b)  -> (artifact id: 'b2ab6a1705e9b8cfc067ee4eaadb909d') in 0.005890 seconds
  Import took 0.007814 seconds .

========================================================================
Received Prepare
Registering precompiled user dll's ...
Registered in 0.000268 seconds.
Begin MonoManager ReloadAssembly
Native extension for OSXStandalone target not found
Refreshing native plugins compatible for Editor in 0.22 ms, found 1 plugins.
Preloading 0 native plugins for Editor in 0.00 ms.
Invoked RoslynAnalysisRunner static constructor.
RoslynAnalysisRunner will not be running.
RoslynAnalysisRunner has terminated.
Mono: successfully reloaded assembly
- Completed reload, in  1.481 seconds
Platform modules already initialized, skipping
Refreshing native plugins compatible for Editor in 0.17 ms, found 1 plugins.
Preloading 0 native plugins for Editor in 0.00 ms.
Unloading 1110 Unused Serialized files (Serialized files now loaded: 0)
System memory in use before: 202.9 MB.
System memory in use after: 203.0 MB.

Unloading 5 unused Assets to reduce memory usage. Loaded Objects now: 1597.
Total: 1.104750 ms (FindLiveObjects: 0.094791 ms CreateObjectMapping: 0.023375 ms MarkObjects: 0.940375 ms  DeleteObjects: 0.045167 ms)

========================================================================
Received Import Request.
  Time since last request: 99.984037 seconds.
  path: Assets/Scripts/LapScript.cs
  artifactKey: Guid(bb088ea9b17af41b583b30f21bbb2c96) Importer(815301076,1909f56bfc062723c751e8b465ee728b)
Start importing Assets/Scripts/LapScript.cs using Guid(bb088ea9b17af41b583b30f21bbb2c96) Importer(815301076,1909f56bfc062723c751e8b465ee728b)  -> (artifact id: 'ce55e71a9f5ac20e528c989675d14fed') in 0.005867 seconds
  Import took 0.007634 seconds .

========================================================================
Received Prepare
Registering precompiled user dll's ...
Registered in 0.000238 seconds.
Begin MonoManager ReloadAssembly
Native extension for OSXStandalone target not found
Refreshing native plugins compatible for Editor in 0.22 ms, found 1 plugins.
Preloading 0 native plugins for Editor in 0.00 ms.
Invoked RoslynAnalysisRunner static constructor.
RoslynAnalysisRunner will not be running.
RoslynAnalysisRunner has terminated.
Mono: successfully reloaded assembly
- Completed reload, in  1.539 seconds
Platform modules already initialized, skipping
Refreshing native plugins compatible for Editor in 0.16 ms, found 1 plugins.
Preloading 0 native plugins for Editor in 0.00 ms.
Unloading 1110 Unused Serialized files (Serialized files now loaded: 0)
System memory in use before: 204.8 MB.
System memory in use after: 204.9 MB.

Unloading 5 unused Assets to reduce memory usage. Loaded Objects now: 1600.
Total: 1.029625 ms (FindLiveObjects: 0.085208 ms CreateObjectMapping: 0.021917 ms MarkObjects: 0.887083 ms  DeleteObjects: 0.034458 ms)

========================================================================
Received Import Request.
  Time since last request: 263.955735 seconds.
  path: Assets/Scripts/LapScript.cs
  artifactKey: Guid(bb088ea9b17af41b583b30f21bbb2c96) Importer(815301076,1909f56bfc062723c751e8b465ee728b)
Start importing Assets/Scripts/LapScript.cs using Guid(bb088ea9b17af41b583b30f21bbb2c96) Importer(815301076,1909f56bfc062723c751e8b465ee728b)  -> (artifact id: '11d1cd4dc6803ad3c0fe48e36cf8baf7') in 0.006516 seconds
  Import took 0.008469 seconds .

========================================================================
Received Prepare
Registering precompiled user dll's ...
Registered in 0.000293 seconds.
Begin MonoManager ReloadAssembly
Native extension for OSXStandalone target not found
Refreshing native plugins compatible for Editor in 0.23 ms, found 1 plugins.
Preloading 0 native plugins for Editor in 0.00 ms.
Invoked RoslynAnalysisRunner static constructor.
RoslynAnalysisRunner will not be running.
RoslynAnalysisRunner has terminated.
Mono: successfully reloaded assembly
- Completed reload, in  1.502 seconds
Platform modules already initialized, skipping
Refreshing native plugins compatible for Editor in 0.15 ms, found 1 plugins.
Preloading 0 native plugins for Editor in 0.00 ms.
Unloading 1110 Unused Serialized files (Serialized files now loaded: 0)
System memory in use before: 206.6 MB.
System memory in use after: 206.7 MB.

Unloading 5 unused Assets to reduce memory usage. Loaded Objects now: 1603.
Total: 1.094291 ms (FindLiveObjects: 0.090583 ms CreateObjectMapping: 0.023208 ms MarkObjects: 0.933958 ms  DeleteObjects: 0.045375 ms)

========================================================================
Received Prepare
Registering precompiled user dll's ...
Registered in 0.000313 seconds.
Begin MonoManager ReloadAssembly
Native extension for OSXStandalone target not found
Refreshing native plugins compatible for Editor in 0.24 ms, found 1 plugins.
Preloading 0 native plugins for Editor in 0.00 ms.
Invoked RoslynAnalysisRunner static constructor.
RoslynAnalysisRunner will not be running.
RoslynAnalysisRunner has terminated.
Mono: successfully reloaded assembly
- Completed reload, in  1.676 seconds
Platform modules already initialized, skipping
Refreshing native plugins compatible for Editor in 0.21 ms, found 1 plugins.
Preloading 0 native plugins for Editor in 0.00 ms.
Unloading 1110 Unused Serialized files (Serialized files now loaded: 0)
System memory in use before: 208.5 MB.
System memory in use after: 208.5 MB.

Unloading 5 unused Assets to reduce memory usage. Loaded Objects now: 1606.
Total: 1.186458 ms (FindLiveObjects: 0.109416 ms CreateObjectMapping: 0.023292 ms MarkObjects: 1.002458 ms  DeleteObjects: 0.049709 ms)

========================================================================
Received Prepare
Registering precompiled user dll's ...
Registered in 0.000314 seconds.
Begin MonoManager ReloadAssembly
Native extension for OSXStandalone target not found
Refreshing native plugins compatible for Editor in 0.23 ms, found 1 plugins.
Preloading 0 native plugins for Editor in 0.00 ms.
Invoked RoslynAnalysisRunner static constructor.
RoslynAnalysisRunner will not be running.
RoslynAnalysisRunner has terminated.
Mono: successfully reloaded assembly
- Completed reload, in  1.536 seconds
Platform modules already initialized, skipping
Refreshing native plugins compatible for Editor in 0.13 ms, found 1 plugins.
Preloading 0 native plugins for Editor in 0.00 ms.
Unloading 1110 Unused Serialized files (Serialized files now loaded: 0)
System memory in use before: 210.3 MB.
System memory in use after: 210.4 MB.

Unloading 5 unused Assets to reduce memory usage. Loaded Objects now: 1609.
Total: 1.202542 ms (FindLiveObjects: 0.129084 ms CreateObjectMapping: 0.023458 ms MarkObjects: 1.001125 ms  DeleteObjects: 0.048083 ms)

========================================================================
Received Prepare
Registering precompiled user dll's ...
Registered in 0.002059 seconds.
Begin MonoManager ReloadAssembly
Native extension for OSXStandalone target not found
Refreshing native plugins compatible for Editor in 0.21 ms, found 1 plugins.
Preloading 0 native plugins for Editor in 0.00 ms.
Invoked RoslynAnalysisRunner static constructor.
RoslynAnalysisRunner will not be running.
RoslynAnalysisRunner has terminated.
Mono: successfully reloaded assembly
- Completed reload, in  1.749 seconds
Platform modules already initialized, skipping
Refreshing native plugins compatible for Editor in 0.20 ms, found 1 plugins.
Preloading 0 native plugins for Editor in 0.00 ms.
Unloading 1110 Unused Serialized files (Serialized files now loaded: 0)
System memory in use before: 212.1 MB.
System memory in use after: 212.2 MB.

Unloading 5 unused Assets to reduce memory usage. Loaded Objects now: 1612.
Total: 1.236459 ms (FindLiveObjects: 0.119125 ms CreateObjectMapping: 0.023291 ms MarkObjects: 1.038334 ms  DeleteObjects: 0.054334 ms)

========================================================================
Received Prepare
Registering precompiled user dll's ...
Registered in 0.000241 seconds.
Begin MonoManager ReloadAssembly
Native extension for OSXStandalone target not found
Refreshing native plugins compatible for Editor in 0.21 ms, found 1 plugins.
Preloading 0 native plugins for Editor in 0.00 ms.
Invoked RoslynAnalysisRunner static constructor.
RoslynAnalysisRunner will not be running.
RoslynAnalysisRunner has terminated.
Mono: successfully reloaded assembly
- Completed reload, in  1.500 seconds
Platform modules already initialized, skipping
Refreshing native plugins compatible for Editor in 0.16 ms, found 1 plugins.
Preloading 0 native plugins for Editor in 0.00 ms.
Unloading 1110 Unused Serialized files (Serialized files now loaded: 0)
System memory in use before: 214.0 MB.
System memory in use after: 214.1 MB.

Unloading 5 unused Assets to reduce memory usage. Loaded Objects now: 1615.
Total: 1.104209 ms (FindLiveObjects: 0.144417 ms CreateObjectMapping: 0.025916 ms MarkObjects: 0.897834 ms  DeleteObjects: 0.034958 ms)

========================================================================
Received Prepare
Registering precompiled user dll's ...
Registered in 0.000246 seconds.
Begin MonoManager ReloadAssembly
Native extension for OSXStandalone target not found
Refreshing native plugins compatible for Editor in 0.22 ms, found 1 plugins.
Preloading 0 native plugins for Editor in 0.00 ms.
Invoked RoslynAnalysisRunner static constructor.
RoslynAnalysisRunner will not be running.
RoslynAnalysisRunner has terminated.
Mono: successfully reloaded assembly
- Completed reload, in  1.538 seconds
Platform modules already initialized, skipping
Refreshing native plugins compatible for Editor in 0.14 ms, found 1 plugins.
Preloading 0 native plugins for Editor in 0.00 ms.
Unloading 1111 Unused Serialized files (Serialized files now loaded: 0)
System memory in use before: 215.8 MB.
System memory in use after: 215.9 MB.

Unloading 5 unused Assets to reduce memory usage. Loaded Objects now: 1619.
Total: 1.332375 ms (FindLiveObjects: 0.101167 ms CreateObjectMapping: 0.023125 ms MarkObjects: 1.164292 ms  DeleteObjects: 0.042417 ms)

========================================================================
Received Import Request.
  Time since last request: 13715.752592 seconds.
  path: Assets/Scripts/NewBehaviourScript.cs
  artifactKey: Guid(b3f884e1b87704e3ca965bfbd9fb3149) Importer(815301076,1909f56bfc062723c751e8b465ee728b)
Start importing Assets/Scripts/NewBehaviourScript.cs using Guid(b3f884e1b87704e3ca965bfbd9fb3149) Importer(815301076,1909f56bfc062723c751e8b465ee728b)  -> (artifact id: 'e84abc29888c23a687fec76d8817fa9f') in 0.007573 seconds
  Import took 0.009369 seconds .

========================================================================
Received Import Request.
  Time since last request: 7.939268 seconds.
  path: Assets/Scripts/ViewScript.cs
  artifactKey: Guid(b3f884e1b87704e3ca965bfbd9fb3149) Importer(815301076,1909f56bfc062723c751e8b465ee728b)
Start importing Assets/Scripts/ViewScript.cs using Guid(b3f884e1b87704e3ca965bfbd9fb3149) Importer(815301076,1909f56bfc062723c751e8b465ee728b)  -> (artifact id: 'be864d947d73eb5e12d247c22786e123') in 0.001423 seconds
  Import took 0.003227 seconds .

========================================================================
Received Prepare
Registering precompiled user dll's ...
Registered in 0.000288 seconds.
Begin MonoManager ReloadAssembly
Native extension for OSXStandalone target not found
Refreshing native plugins compatible for Editor in 0.21 ms, found 1 plugins.
Preloading 0 native plugins for Editor in 0.00 ms.
Invoked RoslynAnalysisRunner static constructor.
RoslynAnalysisRunner will not be running.
RoslynAnalysisRunner has terminated.
Mono: successfully reloaded assembly
- Completed reload, in  1.526 seconds
Platform modules already initialized, skipping
Refreshing native plugins compatible for Editor in 0.15 ms, found 1 plugins.
Preloading 0 native plugins for Editor in 0.00 ms.
Unloading 1111 Unused Serialized files (Serialized files now loaded: 0)
System memory in use before: 217.7 MB.
System memory in use after: 217.8 MB.

Unloading 5 unused Assets to reduce memory usage. Loaded Objects now: 1622.
Total: 1.325833 ms (FindLiveObjects: 0.141708 ms CreateObjectMapping: 0.023459 ms MarkObjects: 1.116541 ms  DeleteObjects: 0.043083 ms)

========================================================================
Received Import Request.
  Time since last request: 631.801366 seconds.
  path: Assets/Scripts/ViewScript.cs
  artifactKey: Guid(b3f884e1b87704e3ca965bfbd9fb3149) Importer(815301076,1909f56bfc062723c751e8b465ee728b)
Start importing Assets/Scripts/ViewScript.cs using Guid(b3f884e1b87704e3ca965bfbd9fb3149) Importer(815301076,1909f56bfc062723c751e8b465ee728b)  -> (artifact id: 'de3eeba348e33379dbf32ac516e253aa') in 0.005887 seconds
  Import took 0.007606 seconds .

========================================================================
Received Import Request.
  Time since last request: 0.098381 seconds.
  path: Assets/Scripts/ViewScript.cs
  artifactKey: Guid(b3f884e1b87704e3ca965bfbd9fb3149) Importer(815301076,1909f56bfc062723c751e8b465ee728b)
Start importing Assets/Scripts/ViewScript.cs using Guid(b3f884e1b87704e3ca965bfbd9fb3149) Importer(815301076,1909f56bfc062723c751e8b465ee728b)  -> (artifact id: 'de3eeba348e33379dbf32ac516e253aa') in 0.001338 seconds
  Import took 0.003087 seconds .

========================================================================
Received Prepare
Registering precompiled user dll's ...
Registered in 0.000292 seconds.
Begin MonoManager ReloadAssembly
Native extension for OSXStandalone target not found
Refreshing native plugins compatible for Editor in 0.21 ms, found 1 plugins.
Preloading 0 native plugins for Editor in 0.00 ms.
Invoked RoslynAnalysisRunner static constructor.
RoslynAnalysisRunner will not be running.
RoslynAnalysisRunner has terminated.
Mono: successfully reloaded assembly
- Completed reload, in  1.477 seconds
Platform modules already initialized, skipping
Refreshing native plugins compatible for Editor in 0.15 ms, found 1 plugins.
Preloading 0 native plugins for Editor in 0.00 ms.
Unloading 1111 Unused Serialized files (Serialized files now loaded: 0)
System memory in use before: 219.5 MB.
System memory in use after: 219.6 MB.

Unloading 5 unused Assets to reduce memory usage. Loaded Objects now: 1625.
Total: 1.153542 ms (FindLiveObjects: 0.089458 ms CreateObjectMapping: 0.023375 ms MarkObjects: 1.000166 ms  DeleteObjects: 0.038958 ms)

========================================================================
Received Import Request.
  Time since last request: 51.821028 seconds.
  path: Assets/Scripts/LapScript.cs
  artifactKey: Guid(bb088ea9b17af41b583b30f21bbb2c96) Importer(815301076,1909f56bfc062723c751e8b465ee728b)
Start importing Assets/Scripts/LapScript.cs using Guid(bb088ea9b17af41b583b30f21bbb2c96) Importer(815301076,1909f56bfc062723c751e8b465ee728b)  -> (artifact id: 'af80f101bb3b97df06b7b8a45597cdf5') in 0.005138 seconds
  Import took 0.006819 seconds .

========================================================================
Received Import Request.
  Time since last request: 0.001476 seconds.
  path: Assets/Scripts/LapScript.cs
  artifactKey: Guid(bb088ea9b17af41b583b30f21bbb2c96) Importer(815301076,1909f56bfc062723c751e8b465ee728b)
Start importing Assets/Scripts/LapScript.cs using Guid(bb088ea9b17af41b583b30f21bbb2c96) Importer(815301076,1909f56bfc062723c751e8b465ee728b)  -> (artifact id: 'af80f101bb3b97df06b7b8a45597cdf5') in 0.000949 seconds
  Import took 0.002297 seconds .

========================================================================
Received Import Request.
  Time since last request: 139.779145 seconds.
  path: Assets/Scripts/LapScript.cs
  artifactKey: Guid(bb088ea9b17af41b583b30f21bbb2c96) Importer(815301076,1909f56bfc062723c751e8b465ee728b)
Start importing Assets/Scripts/LapScript.cs using Guid(bb088ea9b17af41b583b30f21bbb2c96) Importer(815301076,1909f56bfc062723c751e8b465ee728b)  -> (artifact id: 'daf1d9cbb61d3f3393bce8c2e5aae0e2') in 0.001010 seconds
  Import took 0.002826 seconds .

========================================================================
Received Prepare
Registering precompiled user dll's ...
Registered in 0.000276 seconds.
Begin MonoManager ReloadAssembly
Native extension for OSXStandalone target not found
Refreshing native plugins compatible for Editor in 0.21 ms, found 1 plugins.
Preloading 0 native plugins for Editor in 0.00 ms.
Invoked RoslynAnalysisRunner static constructor.
RoslynAnalysisRunner will not be running.
RoslynAnalysisRunner has terminated.
Mono: successfully reloaded assembly
- Completed reload, in  1.480 seconds
Platform modules already initialized, skipping
Refreshing native plugins compatible for Editor in 0.14 ms, found 1 plugins.
Preloading 0 native plugins for Editor in 0.00 ms.
Unloading 1111 Unused Serialized files (Serialized files now loaded: 0)
System memory in use before: 221.4 MB.
System memory in use after: 221.4 MB.

Unloading 5 unused Assets to reduce memory usage. Loaded Objects now: 1628.
Total: 1.049709 ms (FindLiveObjects: 0.083250 ms CreateObjectMapping: 0.022542 ms MarkObjects: 0.902000 ms  DeleteObjects: 0.040958 ms)

========================================================================
Received Import Request.
  Time since last request: 680.210716 seconds.
  path: Assets/Scripts/LapScript.cs
  artifactKey: Guid(bb088ea9b17af41b583b30f21bbb2c96) Importer(815301076,1909f56bfc062723c751e8b465ee728b)
Start importing Assets/Scripts/LapScript.cs using Guid(bb088ea9b17af41b583b30f21bbb2c96) Importer(815301076,1909f56bfc062723c751e8b465ee728b)  -> (artifact id: '43fd74bb142d7643f3010315acd4b193') in 0.004816 seconds
  Import took 0.006557 seconds .

========================================================================
Received Prepare
Registering precompiled user dll's ...
Registered in 0.000292 seconds.
Begin MonoManager ReloadAssembly
Native extension for OSXStandalone target not found
Refreshing native plugins compatible for Editor in 0.22 ms, found 1 plugins.
Preloading 0 native plugins for Editor in 0.00 ms.
Invoked RoslynAnalysisRunner static constructor.
RoslynAnalysisRunner will not be running.
RoslynAnalysisRunner has terminated.
Mono: successfully reloaded assembly
- Completed reload, in  1.628 seconds
Platform modules already initialized, skipping
Refreshing native plugins compatible for Editor in 0.16 ms, found 1 plugins.
Preloading 0 native plugins for Editor in 0.00 ms.
Unloading 1111 Unused Serialized files (Serialized files now loaded: 0)
System memory in use before: 223.2 MB.
System memory in use after: 223.3 MB.

Unloading 5 unused Assets to reduce memory usage. Loaded Objects now: 1631.
Total: 1.226667 ms (FindLiveObjects: 0.109458 ms CreateObjectMapping: 0.023875 ms MarkObjects: 1.051208 ms  DeleteObjects: 0.041125 ms)

========================================================================
Received Prepare
Registering precompiled user dll's ...
Registered in 0.000254 seconds.
Begin MonoManager ReloadAssembly
Native extension for OSXStandalone target not found
Refreshing native plugins compatible for Editor in 0.21 ms, found 1 plugins.
Preloading 0 native plugins for Editor in 0.00 ms.
Invoked RoslynAnalysisRunner static constructor.
RoslynAnalysisRunner will not be running.
RoslynAnalysisRunner has terminated.
Mono: successfully reloaded assembly
- Completed reload, in  1.425 seconds
Platform modules already initialized, skipping
Refreshing native plugins compatible for Editor in 0.12 ms, found 1 plugins.
Preloading 0 native plugins for Editor in 0.00 ms.
Unloading 1111 Unused Serialized files (Serialized files now loaded: 0)
System memory in use before: 225.0 MB.
System memory in use after: 225.1 MB.

Unloading 5 unused Assets to reduce memory usage. Loaded Objects now: 1634.
Total: 1.197833 ms (FindLiveObjects: 0.081834 ms CreateObjectMapping: 0.023333 ms MarkObjects: 1.051875 ms  DeleteObjects: 0.040000 ms)

