Using pre-set license

 COMMAND LINE ARGUMENTS:
/Applications/Unity/Hub/Editor/2020.2.7f1/Unity.app/Contents/MacOS/Unity
-adb2
-batchMode
-noUpm
-name
AssetImportWorker0
-projectPath
/Users/itoakitaka/Desktop/Unity/StopGame
-logFile
Logs/AssetImportWorker0.log
-srvPort
55127
Successfully changed project path to: /Users/itoakitaka/Desktop/Unity/StopGame
/Users/itoakitaka/Desktop/Unity/StopGame
Using Asset Import Pipeline V2.
Refreshing native plugins compatible for Editor in 21.73 ms, found 1 plugins.
Preloading 0 native plugins for Editor in 0.00 ms.
Initialize engine version: 2020.2.7f1 (c53830e277f1)
[Subsystems] Discovering subsystems at path /Applications/Unity/Hub/Editor/2020.2.7f1/Unity.app/Contents/Resources/UnitySubsystems
[Subsystems] Discovering subsystems at path /Users/itoakitaka/Desktop/Unity/StopGame/Assets
GfxDevice: creating device client; threaded=0
2023-07-31 18:59:20.429 Unity[6119:674932] (null) preferred device: Apple M1 Pro (high power)
2023-07-31 18:59:20.429 Unity[6119:674932] Metal devices available: 1
2023-07-31 18:59:20.429 Unity[6119:674932] 0: Apple M1 Pro (high power)
2023-07-31 18:59:20.429 Unity[6119:674932] Using device Apple M1 Pro (high power)
Initializing Metal device caps: Apple M1 Pro
Initialize mono
Mono path[0] = '/Applications/Unity/Hub/Editor/2020.2.7f1/Unity.app/Contents/Managed'
Mono path[1] = '/Applications/Unity/Hub/Editor/2020.2.7f1/Unity.app/Contents/MonoBleedingEdge/lib/mono/unityjit'
Mono config path = '/Applications/Unity/Hub/Editor/2020.2.7f1/Unity.app/Contents/MonoBleedingEdge/etc'
Using monoOptions --debugger-agent=transport=dt_socket,embedding=1,server=y,suspend=n,address=127.0.0.1:56119
Begin MonoManager ReloadAssembly
Registering precompiled unity dll's ...
Register platform support module: /Applications/Unity/Hub/Editor/2020.2.7f1/Unity.app/Contents/PlaybackEngines/MacStandaloneSupport/UnityEditor.OSXStandalone.Extensions.dll
Registered in 0.000350 seconds.
Native extension for OSXStandalone target not found
Refreshing native plugins compatible for Editor in 21.17 ms, found 1 plugins.
Preloading 0 native plugins for Editor in 0.00 ms.
Invoked RoslynAnalysisRunner static constructor.
RoslynAnalysisRunner will not be running.
RoslynAnalysisRunner has terminated.
Mono: successfully reloaded assembly
- Completed reload, in  1.600 seconds
Platform modules already initialized, skipping
Registering precompiled user dll's ...
Registered in 0.000257 seconds.
Begin MonoManager ReloadAssembly
Native extension for OSXStandalone target not found
Refreshing native plugins compatible for Editor in 0.20 ms, found 1 plugins.
Preloading 0 native plugins for Editor in 0.00 ms.
Invoked RoslynAnalysisRunner static constructor.
RoslynAnalysisRunner will not be running.
RoslynAnalysisRunner has terminated.
Mono: successfully reloaded assembly
- Completed reload, in  1.437 seconds
Platform modules already initialized, skipping
========================================================================
Worker process is ready to serve import requests
Launching external process: /Applications/Unity/Hub/Editor/2020.2.7f1/Unity.app/Contents/Tools/UnityShaderCompiler
Launched and connected shader compiler UnityShaderCompiler after 0.03 seconds
Refreshing native plugins compatible for Editor in 0.18 ms, found 1 plugins.
Preloading 0 native plugins for Editor in 0.00 ms.
Unloading 1113 Unused Serialized files (Serialized files now loaded: 0)
System memory in use before: 60.0 MB.
System memory in use after: 60.0 MB.

Unloading 10 unused Assets to reduce memory usage. Loaded Objects now: 1555.
Total: 1.270583 ms (FindLiveObjects: 0.104541 ms CreateObjectMapping: 0.023250 ms MarkObjects: 1.064959 ms  DeleteObjects: 0.075500 ms)

========================================================================
Received Import Request.
  path: Assets/StopGameAssets/Scenes/Main.unity
  artifactKey: Guid(c2fbc1b0abddc46e08b151da6ba5dc01) Importer(815301076,1909f56bfc062723c751e8b465ee728b)
Start importing Assets/StopGameAssets/Scenes/Main.unity using Guid(c2fbc1b0abddc46e08b151da6ba5dc01) Importer(815301076,1909f56bfc062723c751e8b465ee728b)  -> (artifact id: '09eaff7e4fcb59eb97a4700f5e77d868') in 0.014620 seconds
  Import took 0.016174 seconds .

========================================================================
Received Import Request.
  Time since last request: 365.887240 seconds.
  path: Assets/StopGameAssets/Sprites/BackgroundSprite.jpg
  artifactKey: Guid(fefa8f02453184c7f8e61dc18cba67ee) Importer(815301076,1909f56bfc062723c751e8b465ee728b)
Start importing Assets/StopGameAssets/Sprites/BackgroundSprite.jpg using Guid(fefa8f02453184c7f8e61dc18cba67ee) Importer(815301076,1909f56bfc062723c751e8b465ee728b)  -> (artifact id: 'e8dd0f8389af4699169e1acdcd3d1349') in 0.246754 seconds
  Import took 0.249140 seconds .

========================================================================
Received Import Request.
  Time since last request: 70.700514 seconds.
  path: Assets/StopGameAssets/Prefabs/Balloon.prefab
  artifactKey: Guid(e5f130e36e3894982b3cfe61e73bef32) Importer(815301076,1909f56bfc062723c751e8b465ee728b)
Start importing Assets/StopGameAssets/Prefabs/Balloon.prefab using Guid(e5f130e36e3894982b3cfe61e73bef32) Importer(815301076,1909f56bfc062723c751e8b465ee728b)  -> (artifact id: '76f233ac0c28c85db01d93308e7c505a') in 0.457484 seconds
  Import took 0.459386 seconds .

