Using pre-set license

 COMMAND LINE ARGUMENTS:
/Applications/Unity/Hub/Editor/2020.2.7f1/Unity.app/Contents/MacOS/Unity
-adb2
-batchMode
-noUpm
-name
AssetImportWorker0
-projectPath
/Users/itoakitaka/Desktop/Unity/JumpingCube
-logFile
Logs/AssetImportWorker0.log
-srvPort
50365
Successfully changed project path to: /Users/itoakitaka/Desktop/Unity/JumpingCube
/Users/itoakitaka/Desktop/Unity/JumpingCube
Using Asset Import Pipeline V2.
Refreshing native plugins compatible for Editor in 20.53 ms, found 1 plugins.
Preloading 0 native plugins for Editor in 0.00 ms.
Initialize engine version: 2020.2.7f1 (c53830e277f1)
[Subsystems] Discovering subsystems at path /Applications/Unity/Hub/Editor/2020.2.7f1/Unity.app/Contents/Resources/UnitySubsystems
[Subsystems] Discovering subsystems at path /Users/itoakitaka/Desktop/Unity/JumpingCube/Assets
GfxDevice: creating device client; threaded=0
2023-08-13 06:37:46.775 Unity[23618:8507987] (null) preferred device: Apple M1 Pro (high power)
2023-08-13 06:37:46.775 Unity[23618:8507987] Metal devices available: 1
2023-08-13 06:37:46.775 Unity[23618:8507987] 0: Apple M1 Pro (high power)
2023-08-13 06:37:46.775 Unity[23618:8507987] Using device Apple M1 Pro (high power)
Initializing Metal device caps: Apple M1 Pro
Initialize mono
Mono path[0] = '/Applications/Unity/Hub/Editor/2020.2.7f1/Unity.app/Contents/Managed'
Mono path[1] = '/Applications/Unity/Hub/Editor/2020.2.7f1/Unity.app/Contents/MonoBleedingEdge/lib/mono/unityjit'
Mono config path = '/Applications/Unity/Hub/Editor/2020.2.7f1/Unity.app/Contents/MonoBleedingEdge/etc'
Using monoOptions --debugger-agent=transport=dt_socket,embedding=1,server=y,suspend=n,address=127.0.0.1:56618
Begin MonoManager ReloadAssembly
Registering precompiled unity dll's ...
Register platform support module: /Applications/Unity/Hub/Editor/2020.2.7f1/Unity.app/Contents/PlaybackEngines/MacStandaloneSupport/UnityEditor.OSXStandalone.Extensions.dll
Registered in 0.000361 seconds.
Native extension for OSXStandalone target not found
Refreshing native plugins compatible for Editor in 21.09 ms, found 1 plugins.
Preloading 0 native plugins for Editor in 0.00 ms.
Invoked RoslynAnalysisRunner static constructor.
RoslynAnalysisRunner will not be running.
RoslynAnalysisRunner has terminated.
Mono: successfully reloaded assembly
- Completed reload, in  1.775 seconds
Platform modules already initialized, skipping
Registering precompiled user dll's ...
Registered in 0.000247 seconds.
Begin MonoManager ReloadAssembly
Native extension for OSXStandalone target not found
Refreshing native plugins compatible for Editor in 0.20 ms, found 1 plugins.
Preloading 0 native plugins for Editor in 0.00 ms.
Invoked RoslynAnalysisRunner static constructor.
RoslynAnalysisRunner will not be running.
RoslynAnalysisRunner has terminated.
Mono: successfully reloaded assembly
- Completed reload, in  1.407 seconds
Platform modules already initialized, skipping
========================================================================
Worker process is ready to serve import requests
Launching external process: /Applications/Unity/Hub/Editor/2020.2.7f1/Unity.app/Contents/Tools/UnityShaderCompiler
Launched and connected shader compiler UnityShaderCompiler after 0.03 seconds
Refreshing native plugins compatible for Editor in 0.19 ms, found 1 plugins.
Preloading 0 native plugins for Editor in 0.00 ms.
Unloading 1113 Unused Serialized files (Serialized files now loaded: 0)
System memory in use before: 59.4 MB.
System memory in use after: 59.4 MB.

Unloading 10 unused Assets to reduce memory usage. Loaded Objects now: 1555.
Total: 1.218625 ms (FindLiveObjects: 0.097792 ms CreateObjectMapping: 0.022916 ms MarkObjects: 1.012667 ms  DeleteObjects: 0.083125 ms)

========================================================================
Received Import Request.
  path: Assets/Scenes/Main.unity
  artifactKey: Guid(007a4aa61bae04c68a75cb54c44211aa) Importer(815301076,1909f56bfc062723c751e8b465ee728b)
Start importing Assets/Scenes/Main.unity using Guid(007a4aa61bae04c68a75cb54c44211aa) Importer(815301076,1909f56bfc062723c751e8b465ee728b)  -> (artifact id: 'a05ca91776da2d750efec365a8a65dcc') in 0.014777 seconds
  Import took 0.016296 seconds .

========================================================================
Received Import Request.
  Time since last request: 235.309107 seconds.
  path: Assets/Material
  artifactKey: Guid(358e2297da00948f3a8569e0d8063df5) Importer(815301076,1909f56bfc062723c751e8b465ee728b)
Start importing Assets/Material using Guid(358e2297da00948f3a8569e0d8063df5) Importer(815301076,1909f56bfc062723c751e8b465ee728b)  -> (artifact id: '8c6f29ee4fd899065aa790da49fce610') in 0.001470 seconds
  Import took 0.003147 seconds .

========================================================================
Received Import Request.
  Time since last request: 16.260447 seconds.
  path: Assets/Materials
  artifactKey: Guid(358e2297da00948f3a8569e0d8063df5) Importer(815301076,1909f56bfc062723c751e8b465ee728b)
Start importing Assets/Materials using Guid(358e2297da00948f3a8569e0d8063df5) Importer(815301076,1909f56bfc062723c751e8b465ee728b)  -> (artifact id: 'e492a824269635fb331f89b3d81d66a9') in 0.001044 seconds
  Import took 0.002784 seconds .

========================================================================
Received Import Request.
  Time since last request: 0.091039 seconds.
  path: Assets/Scenes
  artifactKey: Guid(820b271e7cf1a4147a7fc73d0ebe0260) Importer(815301076,1909f56bfc062723c751e8b465ee728b)
Start importing Assets/Scenes using Guid(820b271e7cf1a4147a7fc73d0ebe0260) Importer(815301076,1909f56bfc062723c751e8b465ee728b)  -> (artifact id: '671bcad1242e0890b45028d31c8a8efa') in 0.001700 seconds
  Import took 0.003314 seconds .

========================================================================
Received Import Request.
  Time since last request: 0.000304 seconds.
  path: Assets/Scenes
  artifactKey: Guid(820b271e7cf1a4147a7fc73d0ebe0260) Importer(815301076,1909f56bfc062723c751e8b465ee728b)
Start importing Assets/Scenes using Guid(820b271e7cf1a4147a7fc73d0ebe0260) Importer(815301076,1909f56bfc062723c751e8b465ee728b)  -> (artifact id: '671bcad1242e0890b45028d31c8a8efa') in 0.000559 seconds
  Import took 0.001887 seconds .

========================================================================
Received Import Request.
  Time since last request: 289.983380 seconds.
  path: Assets/Scenes/Main/LightingData.asset
  artifactKey: Guid(fca03af442b2b4d22ae091e345d4bbf3) Importer(815301076,1909f56bfc062723c751e8b465ee728b)
Start importing Assets/Scenes/Main/LightingData.asset using Guid(fca03af442b2b4d22ae091e345d4bbf3) Importer(815301076,1909f56bfc062723c751e8b465ee728b)  -> (artifact id: '30b53ee8959a04f66613a539eeaffb62') in 0.446045 seconds
  Import took 0.447832 seconds .

========================================================================
Received Import Request.
  Time since last request: 0.323981 seconds.
  path: Assets/Scenes/Main/ReflectionProbe-0.exr
  artifactKey: Guid(c1a43aec632314d2daf89e93e8111ae1) Importer(815301076,1909f56bfc062723c751e8b465ee728b)
Start importing Assets/Scenes/Main/ReflectionProbe-0.exr using Guid(c1a43aec632314d2daf89e93e8111ae1) Importer(815301076,1909f56bfc062723c751e8b465ee728b)  -> (artifact id: '24349eda48b8e12f07b5c21e099426e5') in 0.686684 seconds
  Import took 0.688562 seconds .

========================================================================
Received Import Request.
  Time since last request: 77.298483 seconds.
  path: Assets/New Folder
  artifactKey: Guid(c0b7fc59d82c546489c1bec122ec5ae6) Importer(815301076,1909f56bfc062723c751e8b465ee728b)
Start importing Assets/New Folder using Guid(c0b7fc59d82c546489c1bec122ec5ae6) Importer(815301076,1909f56bfc062723c751e8b465ee728b)  -> (artifact id: '97b9c9a8a6183a991c999393a150d99d') in 0.000998 seconds
  Import took 0.003058 seconds .

========================================================================
Received Import Request.
  Time since last request: 8.476794 seconds.
  path: Assets/Scripts
  artifactKey: Guid(c0b7fc59d82c546489c1bec122ec5ae6) Importer(815301076,1909f56bfc062723c751e8b465ee728b)
Start importing Assets/Scripts using Guid(c0b7fc59d82c546489c1bec122ec5ae6) Importer(815301076,1909f56bfc062723c751e8b465ee728b)  -> (artifact id: 'dbafdd57206fae9882a07c8aea07715d') in 0.001250 seconds
  Import took 0.002987 seconds .

========================================================================
Received Prepare
Registering precompiled user dll's ...
Registered in 0.000350 seconds.
Begin MonoManager ReloadAssembly
Native extension for OSXStandalone target not found
Refreshing native plugins compatible for Editor in 0.21 ms, found 1 plugins.
Preloading 0 native plugins for Editor in 0.00 ms.
Invoked RoslynAnalysisRunner static constructor.
RoslynAnalysisRunner will not be running.
RoslynAnalysisRunner has terminated.
Mono: successfully reloaded assembly
- Completed reload, in  1.424 seconds
Platform modules already initialized, skipping
Refreshing native plugins compatible for Editor in 0.17 ms, found 1 plugins.
Preloading 0 native plugins for Editor in 0.00 ms.
Unloading 1109 Unused Serialized files (Serialized files now loaded: 0)
System memory in use before: 220.7 MB.
System memory in use after: 220.8 MB.

Unloading 5 unused Assets to reduce memory usage. Loaded Objects now: 1591.
Total: 1.185125 ms (FindLiveObjects: 0.118292 ms CreateObjectMapping: 0.026917 ms MarkObjects: 0.987750 ms  DeleteObjects: 0.050916 ms)

========================================================================
Received Import Request.
  Time since last request: 22.067785 seconds.
  path: Assets/Scripts/NewBehaviourScript.cs
  artifactKey: Guid(1771489adfdca43be9f8f151e2504467) Importer(815301076,1909f56bfc062723c751e8b465ee728b)
Start importing Assets/Scripts/NewBehaviourScript.cs using Guid(1771489adfdca43be9f8f151e2504467) Importer(815301076,1909f56bfc062723c751e8b465ee728b)  -> (artifact id: 'c0f78ac5e8c596294263956d2f86a681') in 0.203712 seconds
  Import took 0.205650 seconds .

========================================================================
Received Import Request.
  Time since last request: 11.265073 seconds.
  path: Assets/Scripts/PlayerMove.cs
  artifactKey: Guid(1771489adfdca43be9f8f151e2504467) Importer(815301076,1909f56bfc062723c751e8b465ee728b)
Start importing Assets/Scripts/PlayerMove.cs using Guid(1771489adfdca43be9f8f151e2504467) Importer(815301076,1909f56bfc062723c751e8b465ee728b)  -> (artifact id: '91582fc85366c3348703a9c852cc0905') in 0.003279 seconds
  Import took 0.005253 seconds .

========================================================================
Received Prepare
Registering precompiled user dll's ...
Registered in 0.000238 seconds.
Begin MonoManager ReloadAssembly
Native extension for OSXStandalone target not found
Refreshing native plugins compatible for Editor in 0.22 ms, found 1 plugins.
Preloading 0 native plugins for Editor in 0.00 ms.
Invoked RoslynAnalysisRunner static constructor.
RoslynAnalysisRunner will not be running.
RoslynAnalysisRunner has terminated.
Mono: successfully reloaded assembly
- Completed reload, in  1.448 seconds
Platform modules already initialized, skipping
Refreshing native plugins compatible for Editor in 0.14 ms, found 1 plugins.
Preloading 0 native plugins for Editor in 0.00 ms.
Unloading 1109 Unused Serialized files (Serialized files now loaded: 0)
System memory in use before: 301.5 MB.
System memory in use after: 301.6 MB.

Unloading 5 unused Assets to reduce memory usage. Loaded Objects now: 1594.
Total: 1.138167 ms (FindLiveObjects: 0.096291 ms CreateObjectMapping: 0.022292 ms MarkObjects: 0.970666 ms  DeleteObjects: 0.047750 ms)

========================================================================
Received Prepare
Registering precompiled user dll's ...
Registered in 0.000223 seconds.
Begin MonoManager ReloadAssembly
Native extension for OSXStandalone target not found
Refreshing native plugins compatible for Editor in 0.19 ms, found 1 plugins.
Preloading 0 native plugins for Editor in 0.00 ms.
Invoked RoslynAnalysisRunner static constructor.
RoslynAnalysisRunner will not be running.
RoslynAnalysisRunner has terminated.
Mono: successfully reloaded assembly
- Completed reload, in  1.434 seconds
Platform modules already initialized, skipping
Refreshing native plugins compatible for Editor in 0.11 ms, found 1 plugins.
Preloading 0 native plugins for Editor in 0.00 ms.
Unloading 1109 Unused Serialized files (Serialized files now loaded: 0)
System memory in use before: 303.4 MB.
System memory in use after: 303.4 MB.

Unloading 5 unused Assets to reduce memory usage. Loaded Objects now: 1597.
Total: 1.137125 ms (FindLiveObjects: 0.096250 ms CreateObjectMapping: 0.022291 ms MarkObjects: 0.974208 ms  DeleteObjects: 0.043542 ms)

========================================================================
Received Import Request.
  Time since last request: 2162.442153 seconds.
  path: Assets/Scripts/PlayerMove.cs
  artifactKey: Guid(1771489adfdca43be9f8f151e2504467) Importer(815301076,1909f56bfc062723c751e8b465ee728b)
Start importing Assets/Scripts/PlayerMove.cs using Guid(1771489adfdca43be9f8f151e2504467) Importer(815301076,1909f56bfc062723c751e8b465ee728b)  -> (artifact id: '67bc7f85e6b3c576e4bb836f865f36bc') in 0.005600 seconds
  Import took 0.007888 seconds .

========================================================================
Received Import Request.
  Time since last request: 0.629988 seconds.
  path: Assets/Scripts/PlayerMove.cs
  artifactKey: Guid(1771489adfdca43be9f8f151e2504467) Importer(815301076,1909f56bfc062723c751e8b465ee728b)
Start importing Assets/Scripts/PlayerMove.cs using Guid(1771489adfdca43be9f8f151e2504467) Importer(815301076,1909f56bfc062723c751e8b465ee728b)  -> (artifact id: '67bc7f85e6b3c576e4bb836f865f36bc') in 0.002031 seconds
  Import took 0.003594 seconds .

========================================================================
Received Prepare
Registering precompiled user dll's ...
Registered in 0.000310 seconds.
Begin MonoManager ReloadAssembly
Native extension for OSXStandalone target not found
Refreshing native plugins compatible for Editor in 0.25 ms, found 1 plugins.
Preloading 0 native plugins for Editor in 0.00 ms.
Invoked RoslynAnalysisRunner static constructor.
RoslynAnalysisRunner will not be running.
RoslynAnalysisRunner has terminated.
Mono: successfully reloaded assembly
- Completed reload, in  1.451 seconds
Platform modules already initialized, skipping
Refreshing native plugins compatible for Editor in 0.18 ms, found 1 plugins.
Preloading 0 native plugins for Editor in 0.00 ms.
Unloading 1109 Unused Serialized files (Serialized files now loaded: 0)
System memory in use before: 305.2 MB.
System memory in use after: 305.3 MB.

Unloading 5 unused Assets to reduce memory usage. Loaded Objects now: 1600.
Total: 1.073041 ms (FindLiveObjects: 0.093083 ms CreateObjectMapping: 0.022333 ms MarkObjects: 0.916083 ms  DeleteObjects: 0.040416 ms)

========================================================================
Received Import Request.
  Time since last request: 595.518693 seconds.
  path: Assets/Scripts/PlayerMove.cs
  artifactKey: Guid(1771489adfdca43be9f8f151e2504467) Importer(815301076,1909f56bfc062723c751e8b465ee728b)
Start importing Assets/Scripts/PlayerMove.cs using Guid(1771489adfdca43be9f8f151e2504467) Importer(815301076,1909f56bfc062723c751e8b465ee728b)  -> (artifact id: '72a469ff3b7d634566f55f398154ecb7') in 0.006057 seconds
  Import took 0.007774 seconds .

========================================================================
Received Import Request.
  Time since last request: 0.054322 seconds.
  path: Assets/Scripts/PlayerMove.cs
  artifactKey: Guid(1771489adfdca43be9f8f151e2504467) Importer(815301076,1909f56bfc062723c751e8b465ee728b)
Start importing Assets/Scripts/PlayerMove.cs using Guid(1771489adfdca43be9f8f151e2504467) Importer(815301076,1909f56bfc062723c751e8b465ee728b)  -> (artifact id: '72a469ff3b7d634566f55f398154ecb7') in 0.001883 seconds
  Import took 0.003338 seconds .

========================================================================
Received Prepare
Registering precompiled user dll's ...
Registered in 0.000267 seconds.
Begin MonoManager ReloadAssembly
Native extension for OSXStandalone target not found
Refreshing native plugins compatible for Editor in 0.21 ms, found 1 plugins.
Preloading 0 native plugins for Editor in 0.00 ms.
Invoked RoslynAnalysisRunner static constructor.
RoslynAnalysisRunner will not be running.
RoslynAnalysisRunner has terminated.
Mono: successfully reloaded assembly
- Completed reload, in  1.407 seconds
Platform modules already initialized, skipping
Refreshing native plugins compatible for Editor in 0.15 ms, found 1 plugins.
Preloading 0 native plugins for Editor in 0.00 ms.
Unloading 1109 Unused Serialized files (Serialized files now loaded: 0)
System memory in use before: 307.1 MB.
System memory in use after: 307.2 MB.

Unloading 5 unused Assets to reduce memory usage. Loaded Objects now: 1603.
Total: 1.081625 ms (FindLiveObjects: 0.107417 ms CreateObjectMapping: 0.021375 ms MarkObjects: 0.918917 ms  DeleteObjects: 0.032709 ms)

========================================================================
Received Import Request.
  Time since last request: 388.484961 seconds.
  path: Assets/Scripts/PlayerMove.cs
  artifactKey: Guid(1771489adfdca43be9f8f151e2504467) Importer(815301076,1909f56bfc062723c751e8b465ee728b)
Start importing Assets/Scripts/PlayerMove.cs using Guid(1771489adfdca43be9f8f151e2504467) Importer(815301076,1909f56bfc062723c751e8b465ee728b)  -> (artifact id: '55251043bf1ce5e66579d8894c02da0b') in 0.006213 seconds
  Import took 0.007801 seconds .

========================================================================
Received Import Request.
  Time since last request: 0.231224 seconds.
  path: Assets/Scripts/PlayerMove.cs
  artifactKey: Guid(1771489adfdca43be9f8f151e2504467) Importer(815301076,1909f56bfc062723c751e8b465ee728b)
Start importing Assets/Scripts/PlayerMove.cs using Guid(1771489adfdca43be9f8f151e2504467) Importer(815301076,1909f56bfc062723c751e8b465ee728b)  -> (artifact id: '55251043bf1ce5e66579d8894c02da0b') in 0.002436 seconds
  Import took 0.004037 seconds .

========================================================================
Received Prepare
Registering precompiled user dll's ...
Registered in 0.000249 seconds.
Begin MonoManager ReloadAssembly
Native extension for OSXStandalone target not found
Refreshing native plugins compatible for Editor in 0.21 ms, found 1 plugins.
Preloading 0 native plugins for Editor in 0.00 ms.
Invoked RoslynAnalysisRunner static constructor.
RoslynAnalysisRunner will not be running.
RoslynAnalysisRunner has terminated.
Mono: successfully reloaded assembly
- Completed reload, in  1.413 seconds
Platform modules already initialized, skipping
Refreshing native plugins compatible for Editor in 0.13 ms, found 1 plugins.
Preloading 0 native plugins for Editor in 0.00 ms.
Unloading 1109 Unused Serialized files (Serialized files now loaded: 0)
System memory in use before: 309.0 MB.
System memory in use after: 309.1 MB.

Unloading 5 unused Assets to reduce memory usage. Loaded Objects now: 1606.
Total: 1.284708 ms (FindLiveObjects: 0.106292 ms CreateObjectMapping: 0.023042 ms MarkObjects: 1.106167 ms  DeleteObjects: 0.047833 ms)

========================================================================
Received Import Request.
  Time since last request: 406.946483 seconds.
  path: Assets/Scripts/PlayerMove.cs
  artifactKey: Guid(1771489adfdca43be9f8f151e2504467) Importer(815301076,1909f56bfc062723c751e8b465ee728b)
Start importing Assets/Scripts/PlayerMove.cs using Guid(1771489adfdca43be9f8f151e2504467) Importer(815301076,1909f56bfc062723c751e8b465ee728b)  -> (artifact id: '883c836ffbaa2a6883cf8829ee13ae13') in 0.008186 seconds
  Import took 0.010205 seconds .

========================================================================
Received Prepare
Registering precompiled user dll's ...
Registered in 0.000277 seconds.
Begin MonoManager ReloadAssembly
Native extension for OSXStandalone target not found
Refreshing native plugins compatible for Editor in 0.22 ms, found 1 plugins.
Preloading 0 native plugins for Editor in 0.00 ms.
Invoked RoslynAnalysisRunner static constructor.
RoslynAnalysisRunner will not be running.
RoslynAnalysisRunner has terminated.
Mono: successfully reloaded assembly
- Completed reload, in  1.416 seconds
Platform modules already initialized, skipping
Refreshing native plugins compatible for Editor in 0.14 ms, found 1 plugins.
Preloading 0 native plugins for Editor in 0.00 ms.
Unloading 1109 Unused Serialized files (Serialized files now loaded: 0)
System memory in use before: 310.8 MB.
System memory in use after: 310.9 MB.

Unloading 5 unused Assets to reduce memory usage. Loaded Objects now: 1609.
Total: 1.078917 ms (FindLiveObjects: 0.115584 ms CreateObjectMapping: 0.028750 ms MarkObjects: 0.888875 ms  DeleteObjects: 0.044500 ms)

========================================================================
Received Prepare
Registering precompiled user dll's ...
Registered in 0.000333 seconds.
Begin MonoManager ReloadAssembly
Native extension for OSXStandalone target not found
Refreshing native plugins compatible for Editor in 0.22 ms, found 1 plugins.
Preloading 0 native plugins for Editor in 0.00 ms.
Invoked RoslynAnalysisRunner static constructor.
RoslynAnalysisRunner will not be running.
RoslynAnalysisRunner has terminated.
Mono: successfully reloaded assembly
- Completed reload, in  1.625 seconds
Platform modules already initialized, skipping
Refreshing native plugins compatible for Editor in 0.20 ms, found 1 plugins.
Preloading 0 native plugins for Editor in 0.00 ms.
Unloading 1109 Unused Serialized files (Serialized files now loaded: 0)
System memory in use before: 312.8 MB.
System memory in use after: 312.8 MB.

Unloading 5 unused Assets to reduce memory usage. Loaded Objects now: 1612.
Total: 1.209875 ms (FindLiveObjects: 0.124125 ms CreateObjectMapping: 0.023375 ms MarkObjects: 1.012000 ms  DeleteObjects: 0.048750 ms)

========================================================================
Received Prepare
Registering precompiled user dll's ...
Registered in 0.000324 seconds.
Begin MonoManager ReloadAssembly
Native extension for OSXStandalone target not found
Refreshing native plugins compatible for Editor in 0.27 ms, found 1 plugins.
Preloading 0 native plugins for Editor in 0.00 ms.
Invoked RoslynAnalysisRunner static constructor.
RoslynAnalysisRunner will not be running.
RoslynAnalysisRunner has terminated.
Mono: successfully reloaded assembly
- Completed reload, in  1.590 seconds
Platform modules already initialized, skipping
Refreshing native plugins compatible for Editor in 0.20 ms, found 1 plugins.
Preloading 0 native plugins for Editor in 0.00 ms.
Unloading 1109 Unused Serialized files (Serialized files now loaded: 0)
System memory in use before: 314.6 MB.
System memory in use after: 314.7 MB.

Unloading 5 unused Assets to reduce memory usage. Loaded Objects now: 1615.
Total: 1.156958 ms (FindLiveObjects: 0.107583 ms CreateObjectMapping: 0.023167 ms MarkObjects: 0.977083 ms  DeleteObjects: 0.048083 ms)

========================================================================
Received Import Request.
  Time since last request: 545.926059 seconds.
  path: Assets/Scripts/PlayerMove.cs
  artifactKey: Guid(1771489adfdca43be9f8f151e2504467) Importer(815301076,1909f56bfc062723c751e8b465ee728b)
Start importing Assets/Scripts/PlayerMove.cs using Guid(1771489adfdca43be9f8f151e2504467) Importer(815301076,1909f56bfc062723c751e8b465ee728b)  -> (artifact id: 'e195833b9a6ecd9a57b252a7cfeab711') in 0.006898 seconds
  Import took 0.008558 seconds .

========================================================================
Received Import Request.
  Time since last request: 0.033588 seconds.
  path: Assets/Scripts/PlayerMove.cs
  artifactKey: Guid(1771489adfdca43be9f8f151e2504467) Importer(815301076,1909f56bfc062723c751e8b465ee728b)
Start importing Assets/Scripts/PlayerMove.cs using Guid(1771489adfdca43be9f8f151e2504467) Importer(815301076,1909f56bfc062723c751e8b465ee728b)  -> (artifact id: 'e195833b9a6ecd9a57b252a7cfeab711') in 0.002946 seconds
  Import took 0.004742 seconds .

========================================================================
Received Prepare
Registering precompiled user dll's ...
Registered in 0.000226 seconds.
Begin MonoManager ReloadAssembly
Native extension for OSXStandalone target not found
Refreshing native plugins compatible for Editor in 0.20 ms, found 1 plugins.
Preloading 0 native plugins for Editor in 0.00 ms.
Invoked RoslynAnalysisRunner static constructor.
RoslynAnalysisRunner will not be running.
RoslynAnalysisRunner has terminated.
Mono: successfully reloaded assembly
- Completed reload, in  1.439 seconds
Platform modules already initialized, skipping
Refreshing native plugins compatible for Editor in 0.11 ms, found 1 plugins.
Preloading 0 native plugins for Editor in 0.00 ms.
Unloading 1109 Unused Serialized files (Serialized files now loaded: 0)
System memory in use before: 316.5 MB.
System memory in use after: 316.6 MB.

Unloading 5 unused Assets to reduce memory usage. Loaded Objects now: 1618.
Total: 1.262042 ms (FindLiveObjects: 0.144583 ms CreateObjectMapping: 0.025292 ms MarkObjects: 1.053875 ms  DeleteObjects: 0.036208 ms)

========================================================================
Received Prepare
Registering precompiled user dll's ...
Registered in 0.000258 seconds.
Begin MonoManager ReloadAssembly
Native extension for OSXStandalone target not found
Refreshing native plugins compatible for Editor in 0.21 ms, found 1 plugins.
Preloading 0 native plugins for Editor in 0.00 ms.
Invoked RoslynAnalysisRunner static constructor.
RoslynAnalysisRunner will not be running.
RoslynAnalysisRunner has terminated.
Mono: successfully reloaded assembly
- Completed reload, in  1.438 seconds
Platform modules already initialized, skipping
Refreshing native plugins compatible for Editor in 0.16 ms, found 1 plugins.
Preloading 0 native plugins for Editor in 0.00 ms.
Unloading 1109 Unused Serialized files (Serialized files now loaded: 0)
System memory in use before: 318.4 MB.
System memory in use after: 318.4 MB.

Unloading 5 unused Assets to reduce memory usage. Loaded Objects now: 1621.
Total: 1.069041 ms (FindLiveObjects: 0.085333 ms CreateObjectMapping: 0.023292 ms MarkObjects: 0.920375 ms  DeleteObjects: 0.038791 ms)

========================================================================
Received Prepare
Registering precompiled user dll's ...
Registered in 0.000333 seconds.
Begin MonoManager ReloadAssembly
Native extension for OSXStandalone target not found
Refreshing native plugins compatible for Editor in 0.25 ms, found 1 plugins.
Preloading 0 native plugins for Editor in 0.00 ms.
Invoked RoslynAnalysisRunner static constructor.
RoslynAnalysisRunner will not be running.
RoslynAnalysisRunner has terminated.
Mono: successfully reloaded assembly
- Completed reload, in  1.583 seconds
Platform modules already initialized, skipping
Refreshing native plugins compatible for Editor in 0.19 ms, found 1 plugins.
Preloading 0 native plugins for Editor in 0.00 ms.
Unloading 1109 Unused Serialized files (Serialized files now loaded: 0)
System memory in use before: 320.2 MB.
System memory in use after: 320.3 MB.

Unloading 5 unused Assets to reduce memory usage. Loaded Objects now: 1624.
Total: 1.376917 ms (FindLiveObjects: 0.138958 ms CreateObjectMapping: 0.024167 ms MarkObjects: 1.037125 ms  DeleteObjects: 0.175125 ms)

========================================================================
Received Prepare
Registering precompiled user dll's ...
Registered in 0.000776 seconds.
Begin MonoManager ReloadAssembly
Native extension for OSXStandalone target not found
Refreshing native plugins compatible for Editor in 0.24 ms, found 1 plugins.
Preloading 0 native plugins for Editor in 0.00 ms.
Invoked RoslynAnalysisRunner static constructor.
RoslynAnalysisRunner will not be running.
RoslynAnalysisRunner has terminated.
Mono: successfully reloaded assembly
- Completed reload, in  1.680 seconds
Platform modules already initialized, skipping
Refreshing native plugins compatible for Editor in 0.27 ms, found 1 plugins.
Preloading 0 native plugins for Editor in 0.00 ms.
Unloading 1109 Unused Serialized files (Serialized files now loaded: 0)
System memory in use before: 322.1 MB.
System memory in use after: 322.2 MB.

Unloading 5 unused Assets to reduce memory usage. Loaded Objects now: 1627.
Total: 1.477625 ms (FindLiveObjects: 0.147458 ms CreateObjectMapping: 0.023334 ms MarkObjects: 1.250750 ms  DeleteObjects: 0.054792 ms)

========================================================================
Received Prepare
Registering precompiled user dll's ...
Registered in 0.000229 seconds.
Begin MonoManager ReloadAssembly
Native extension for OSXStandalone target not found
Refreshing native plugins compatible for Editor in 0.22 ms, found 1 plugins.
Preloading 0 native plugins for Editor in 0.00 ms.
Invoked RoslynAnalysisRunner static constructor.
RoslynAnalysisRunner will not be running.
RoslynAnalysisRunner has terminated.
Mono: successfully reloaded assembly
- Completed reload, in  1.366 seconds
Platform modules already initialized, skipping
Refreshing native plugins compatible for Editor in 0.11 ms, found 1 plugins.
Preloading 0 native plugins for Editor in 0.00 ms.
Unloading 1109 Unused Serialized files (Serialized files now loaded: 0)
System memory in use before: 324.0 MB.
System memory in use after: 324.0 MB.

Unloading 5 unused Assets to reduce memory usage. Loaded Objects now: 1630.
Total: 1.230542 ms (FindLiveObjects: 0.087667 ms CreateObjectMapping: 0.022708 ms MarkObjects: 1.080375 ms  DeleteObjects: 0.038917 ms)

========================================================================
Received Prepare
Registering precompiled user dll's ...
Registered in 0.000340 seconds.
Begin MonoManager ReloadAssembly
Native extension for OSXStandalone target not found
Refreshing native plugins compatible for Editor in 0.21 ms, found 1 plugins.
Preloading 0 native plugins for Editor in 0.00 ms.
Invoked RoslynAnalysisRunner static constructor.
RoslynAnalysisRunner will not be running.
RoslynAnalysisRunner has terminated.
Mono: successfully reloaded assembly
- Completed reload, in  1.433 seconds
Platform modules already initialized, skipping
Refreshing native plugins compatible for Editor in 0.15 ms, found 1 plugins.
Preloading 0 native plugins for Editor in 0.00 ms.
Unloading 1109 Unused Serialized files (Serialized files now loaded: 0)
System memory in use before: 325.8 MB.
System memory in use after: 325.9 MB.

Unloading 5 unused Assets to reduce memory usage. Loaded Objects now: 1633.
Total: 1.172083 ms (FindLiveObjects: 0.160208 ms CreateObjectMapping: 0.039833 ms MarkObjects: 0.931542 ms  DeleteObjects: 0.039500 ms)

========================================================================
Received Import Request.
  Time since last request: 1849.471782 seconds.
  path: Assets/Scripts/PlayerMove.cs
  artifactKey: Guid(1771489adfdca43be9f8f151e2504467) Importer(815301076,1909f56bfc062723c751e8b465ee728b)
Start importing Assets/Scripts/PlayerMove.cs using Guid(1771489adfdca43be9f8f151e2504467) Importer(815301076,1909f56bfc062723c751e8b465ee728b)  -> (artifact id: 'd224dd0da8372a3619034699b9d82f38') in 0.005861 seconds
  Import took 0.007502 seconds .

========================================================================
Received Import Request.
  Time since last request: 0.011929 seconds.
  path: Assets/Scripts/PlayerMove.cs
  artifactKey: Guid(1771489adfdca43be9f8f151e2504467) Importer(815301076,1909f56bfc062723c751e8b465ee728b)
Start importing Assets/Scripts/PlayerMove.cs using Guid(1771489adfdca43be9f8f151e2504467) Importer(815301076,1909f56bfc062723c751e8b465ee728b)  -> (artifact id: 'd224dd0da8372a3619034699b9d82f38') in 0.002234 seconds
  Import took 0.003635 seconds .

========================================================================
Received Prepare
Registering precompiled user dll's ...
Registered in 0.000262 seconds.
Begin MonoManager ReloadAssembly
Native extension for OSXStandalone target not found
Refreshing native plugins compatible for Editor in 0.22 ms, found 1 plugins.
Preloading 0 native plugins for Editor in 0.00 ms.
Invoked RoslynAnalysisRunner static constructor.
RoslynAnalysisRunner will not be running.
RoslynAnalysisRunner has terminated.
Mono: successfully reloaded assembly
- Completed reload, in  1.437 seconds
Platform modules already initialized, skipping
Refreshing native plugins compatible for Editor in 0.16 ms, found 1 plugins.
Preloading 0 native plugins for Editor in 0.00 ms.
Unloading 1109 Unused Serialized files (Serialized files now loaded: 0)
System memory in use before: 327.7 MB.
System memory in use after: 327.8 MB.

Unloading 5 unused Assets to reduce memory usage. Loaded Objects now: 1636.
Total: 1.128167 ms (FindLiveObjects: 0.091917 ms CreateObjectMapping: 0.024000 ms MarkObjects: 0.957125 ms  DeleteObjects: 0.054000 ms)

========================================================================
Received Import Request.
  Time since last request: 1057.918875 seconds.
  path: Assets/Scripts/PlayerMove.cs
  artifactKey: Guid(1771489adfdca43be9f8f151e2504467) Importer(815301076,1909f56bfc062723c751e8b465ee728b)
Start importing Assets/Scripts/PlayerMove.cs using Guid(1771489adfdca43be9f8f151e2504467) Importer(815301076,1909f56bfc062723c751e8b465ee728b)  -> (artifact id: '7f03cd2b4ec046e82184ef31e4f760e0') in 0.006131 seconds
  Import took 0.007694 seconds .

========================================================================
Received Import Request.
  Time since last request: 0.004091 seconds.
  path: Assets/Scripts/PlayerMove.cs
  artifactKey: Guid(1771489adfdca43be9f8f151e2504467) Importer(815301076,1909f56bfc062723c751e8b465ee728b)
Start importing Assets/Scripts/PlayerMove.cs using Guid(1771489adfdca43be9f8f151e2504467) Importer(815301076,1909f56bfc062723c751e8b465ee728b)  -> (artifact id: '7f03cd2b4ec046e82184ef31e4f760e0') in 0.001825 seconds
  Import took 0.003223 seconds .

========================================================================
Received Import Request.
  Time since last request: 40.478229 seconds.
  path: ProjectSettings/TagManager.asset
  artifactKey: Guid(00000000000000003000000000000000) Importer(815301076,1909f56bfc062723c751e8b465ee728b)
Start importing ProjectSettings/TagManager.asset using Guid(00000000000000003000000000000000) Importer(815301076,1909f56bfc062723c751e8b465ee728b)  -> (artifact id: '2eaa3349c9e40244e4dab48b70f5f6d6') in 0.017045 seconds
  Import took 0.019323 seconds .

========================================================================
Received Import Request.
  Time since last request: 0.000735 seconds.
  path: ProjectSettings/TagManager.asset
  artifactKey: Guid(00000000000000003000000000000000) Importer(815301076,1909f56bfc062723c751e8b465ee728b)
Start importing ProjectSettings/TagManager.asset using Guid(00000000000000003000000000000000) Importer(815301076,1909f56bfc062723c751e8b465ee728b)  -> (artifact id: '2eaa3349c9e40244e4dab48b70f5f6d6') in 0.002287 seconds
  Import took 0.003707 seconds .

========================================================================
Received Import Request.
  Time since last request: 98.907698 seconds.
  path: Assets/Scenes/SampleScene.unity
  artifactKey: Guid(9fc0d4010bbf28b4594072e72b8655ab) Importer(815301076,1909f56bfc062723c751e8b465ee728b)
Start importing Assets/Scenes/SampleScene.unity using Guid(9fc0d4010bbf28b4594072e72b8655ab) Importer(815301076,1909f56bfc062723c751e8b465ee728b)  -> (artifact id: '9e7e0f1d87270bc844b2c421902392ea') in 0.001846 seconds
  Import took 0.003555 seconds .

========================================================================
Received Import Request.
  Time since last request: 0.000543 seconds.
  path: Assets/Scenes/SampleScene.unity
  artifactKey: Guid(9fc0d4010bbf28b4594072e72b8655ab) Importer(815301076,1909f56bfc062723c751e8b465ee728b)
Start importing Assets/Scenes/SampleScene.unity using Guid(9fc0d4010bbf28b4594072e72b8655ab) Importer(815301076,1909f56bfc062723c751e8b465ee728b)  -> (artifact id: '9e7e0f1d87270bc844b2c421902392ea') in 0.000768 seconds
  Import took 0.002093 seconds .

========================================================================
Received Import Request.
  Time since last request: 2.030547 seconds.
  path: Assets/Scenes/Main.unity
  artifactKey: Guid(007a4aa61bae04c68a75cb54c44211aa) Importer(815301076,1909f56bfc062723c751e8b465ee728b)
Start importing Assets/Scenes/Main.unity using Guid(007a4aa61bae04c68a75cb54c44211aa) Importer(815301076,1909f56bfc062723c751e8b465ee728b)  -> (artifact id: '15995dc2abb3c7f1e78a531667679c28') in 0.001128 seconds
  Import took 0.003356 seconds .

========================================================================
Received Import Request.
  Time since last request: 2.370652 seconds.
  path: Assets/Scenes/Main
  artifactKey: Guid(f60c7c9021a714b3bae1fc982325f3b9) Importer(815301076,1909f56bfc062723c751e8b465ee728b)
Start importing Assets/Scenes/Main using Guid(f60c7c9021a714b3bae1fc982325f3b9) Importer(815301076,1909f56bfc062723c751e8b465ee728b)  -> (artifact id: '02761580355b39c5503a16a7b83dd863') in 0.001626 seconds
  Import took 0.003437 seconds .

========================================================================
Received Prepare
Registering precompiled user dll's ...
Registered in 0.000261 seconds.
Begin MonoManager ReloadAssembly
Native extension for OSXStandalone target not found
Refreshing native plugins compatible for Editor in 0.23 ms, found 1 plugins.
Preloading 0 native plugins for Editor in 0.00 ms.
Invoked RoslynAnalysisRunner static constructor.
RoslynAnalysisRunner will not be running.
RoslynAnalysisRunner has terminated.
Mono: successfully reloaded assembly
- Completed reload, in  1.464 seconds
Platform modules already initialized, skipping
Refreshing native plugins compatible for Editor in 0.19 ms, found 1 plugins.
Preloading 0 native plugins for Editor in 0.00 ms.
Unloading 1109 Unused Serialized files (Serialized files now loaded: 0)
System memory in use before: 329.6 MB.
System memory in use after: 329.7 MB.

Unloading 7 unused Assets to reduce memory usage. Loaded Objects now: 1639.
Total: 1.257291 ms (FindLiveObjects: 0.208000 ms CreateObjectMapping: 0.051792 ms MarkObjects: 0.949333 ms  DeleteObjects: 0.046625 ms)

========================================================================
Received Prepare
Registering precompiled user dll's ...
Registered in 0.000274 seconds.
Begin MonoManager ReloadAssembly
Native extension for OSXStandalone target not found
Refreshing native plugins compatible for Editor in 0.20 ms, found 1 plugins.
Preloading 0 native plugins for Editor in 0.00 ms.
Invoked RoslynAnalysisRunner static constructor.
RoslynAnalysisRunner will not be running.
RoslynAnalysisRunner has terminated.
Mono: successfully reloaded assembly
- Completed reload, in  1.489 seconds
Platform modules already initialized, skipping
Refreshing native plugins compatible for Editor in 0.18 ms, found 1 plugins.
Preloading 0 native plugins for Editor in 0.00 ms.
Unloading 1109 Unused Serialized files (Serialized files now loaded: 0)
System memory in use before: 331.5 MB.
System memory in use after: 331.6 MB.

Unloading 5 unused Assets to reduce memory usage. Loaded Objects now: 1642.
Total: 1.074042 ms (FindLiveObjects: 0.088083 ms CreateObjectMapping: 0.023250 ms MarkObjects: 0.917792 ms  DeleteObjects: 0.043833 ms)

========================================================================
Received Prepare
Registering precompiled user dll's ...
Registered in 0.000403 seconds.
Begin MonoManager ReloadAssembly
Native extension for OSXStandalone target not found
Refreshing native plugins compatible for Editor in 0.21 ms, found 1 plugins.
Preloading 0 native plugins for Editor in 0.00 ms.
Invoked RoslynAnalysisRunner static constructor.
RoslynAnalysisRunner will not be running.
RoslynAnalysisRunner has terminated.
Mono: successfully reloaded assembly
- Completed reload, in  1.792 seconds
Platform modules already initialized, skipping
Refreshing native plugins compatible for Editor in 0.24 ms, found 1 plugins.
Preloading 0 native plugins for Editor in 0.00 ms.
Unloading 1109 Unused Serialized files (Serialized files now loaded: 0)
System memory in use before: 333.3 MB.
System memory in use after: 333.4 MB.

Unloading 5 unused Assets to reduce memory usage. Loaded Objects now: 1645.
Total: 1.655250 ms (FindLiveObjects: 0.190958 ms CreateObjectMapping: 0.024542 ms MarkObjects: 1.383541 ms  DeleteObjects: 0.054792 ms)

========================================================================
Received Prepare
Registering precompiled user dll's ...
Registered in 0.000302 seconds.
Begin MonoManager ReloadAssembly
Native extension for OSXStandalone target not found
Refreshing native plugins compatible for Editor in 0.21 ms, found 1 plugins.
Preloading 0 native plugins for Editor in 0.00 ms.
Invoked RoslynAnalysisRunner static constructor.
RoslynAnalysisRunner will not be running.
RoslynAnalysisRunner has terminated.
Mono: successfully reloaded assembly
- Completed reload, in  1.422 seconds
Platform modules already initialized, skipping
Refreshing native plugins compatible for Editor in 0.21 ms, found 1 plugins.
Preloading 0 native plugins for Editor in 0.00 ms.
Unloading 1109 Unused Serialized files (Serialized files now loaded: 0)
System memory in use before: 335.2 MB.
System memory in use after: 335.3 MB.

Unloading 5 unused Assets to reduce memory usage. Loaded Objects now: 1648.
Total: 1.247166 ms (FindLiveObjects: 0.159917 ms CreateObjectMapping: 0.024209 ms MarkObjects: 1.013750 ms  DeleteObjects: 0.047708 ms)

========================================================================
Received Prepare
Registering precompiled user dll's ...
Registered in 0.000321 seconds.
Begin MonoManager ReloadAssembly
Native extension for OSXStandalone target not found
Refreshing native plugins compatible for Editor in 0.27 ms, found 1 plugins.
Preloading 0 native plugins for Editor in 0.00 ms.
Invoked RoslynAnalysisRunner static constructor.
RoslynAnalysisRunner will not be running.
RoslynAnalysisRunner has terminated.
Mono: successfully reloaded assembly
- Completed reload, in  1.644 seconds
Platform modules already initialized, skipping
Refreshing native plugins compatible for Editor in 0.18 ms, found 1 plugins.
Preloading 0 native plugins for Editor in 0.00 ms.
Unloading 1109 Unused Serialized files (Serialized files now loaded: 0)
System memory in use before: 337.1 MB.
System memory in use after: 337.2 MB.

Unloading 5 unused Assets to reduce memory usage. Loaded Objects now: 1651.
Total: 1.166000 ms (FindLiveObjects: 0.121875 ms CreateObjectMapping: 0.024584 ms MarkObjects: 0.956083 ms  DeleteObjects: 0.062041 ms)

========================================================================
Received Prepare
Registering precompiled user dll's ...
Registered in 0.000625 seconds.
Begin MonoManager ReloadAssembly
Native extension for OSXStandalone target not found
Refreshing native plugins compatible for Editor in 0.21 ms, found 1 plugins.
Preloading 0 native plugins for Editor in 0.00 ms.
Invoked RoslynAnalysisRunner static constructor.
RoslynAnalysisRunner will not be running.
RoslynAnalysisRunner has terminated.
Mono: successfully reloaded assembly
- Completed reload, in  1.728 seconds
Platform modules already initialized, skipping
Refreshing native plugins compatible for Editor in 0.18 ms, found 1 plugins.
Preloading 0 native plugins for Editor in 0.00 ms.
Unloading 1109 Unused Serialized files (Serialized files now loaded: 0)
System memory in use before: 339.0 MB.
System memory in use after: 339.1 MB.

Unloading 5 unused Assets to reduce memory usage. Loaded Objects now: 1654.
Total: 2.821375 ms (FindLiveObjects: 0.565375 ms CreateObjectMapping: 0.057458 ms MarkObjects: 2.112708 ms  DeleteObjects: 0.082416 ms)

========================================================================
Received Import Request.
  Time since last request: 95663.489441 seconds.
  path: Assets/Scripts/PlayerMove.cs
  artifactKey: Guid(1771489adfdca43be9f8f151e2504467) Importer(815301076,1909f56bfc062723c751e8b465ee728b)
Start importing Assets/Scripts/PlayerMove.cs using Guid(1771489adfdca43be9f8f151e2504467) Importer(815301076,1909f56bfc062723c751e8b465ee728b)  -> (artifact id: '90b93aeae77933e0fc08d5dbf085fb51') in 0.024960 seconds
  Import took 0.033619 seconds .

========================================================================
Received Import Request.
  Time since last request: 0.102894 seconds.
  path: Assets/Scripts/PlayerMove.cs
  artifactKey: Guid(1771489adfdca43be9f8f151e2504467) Importer(815301076,1909f56bfc062723c751e8b465ee728b)
Start importing Assets/Scripts/PlayerMove.cs using Guid(1771489adfdca43be9f8f151e2504467) Importer(815301076,1909f56bfc062723c751e8b465ee728b)  -> (artifact id: '90b93aeae77933e0fc08d5dbf085fb51') in 0.002074 seconds
  Import took 0.004553 seconds .

========================================================================
Received Import Request.
  Time since last request: 95.121049 seconds.
  path: ProjectSettings/TagManager.asset
  artifactKey: Guid(00000000000000003000000000000000) Importer(815301076,1909f56bfc062723c751e8b465ee728b)
Start importing ProjectSettings/TagManager.asset using Guid(00000000000000003000000000000000) Importer(815301076,1909f56bfc062723c751e8b465ee728b)  -> (artifact id: '587529bee9b769ac63628a815501e87a') in 0.033628 seconds
  Import took 0.035875 seconds .

========================================================================
Received Prepare
Registering precompiled user dll's ...
Registered in 0.000505 seconds.
Begin MonoManager ReloadAssembly
Native extension for OSXStandalone target not found
Refreshing native plugins compatible for Editor in 0.21 ms, found 1 plugins.
Preloading 0 native plugins for Editor in 0.00 ms.
Invoked RoslynAnalysisRunner static constructor.
RoslynAnalysisRunner will not be running.
RoslynAnalysisRunner has terminated.
Mono: successfully reloaded assembly
- Completed reload, in  1.567 seconds
Platform modules already initialized, skipping
Refreshing native plugins compatible for Editor in 0.16 ms, found 1 plugins.
Preloading 0 native plugins for Editor in 0.00 ms.
Unloading 1109 Unused Serialized files (Serialized files now loaded: 0)
System memory in use before: 340.9 MB.
System memory in use after: 341.0 MB.

Unloading 6 unused Assets to reduce memory usage. Loaded Objects now: 1657.
Total: 1.413500 ms (FindLiveObjects: 0.200250 ms CreateObjectMapping: 0.033083 ms MarkObjects: 1.094250 ms  DeleteObjects: 0.082750 ms)

========================================================================
Received Prepare
Registering precompiled user dll's ...
Registered in 0.000272 seconds.
Begin MonoManager ReloadAssembly
Native extension for OSXStandalone target not found
Refreshing native plugins compatible for Editor in 0.23 ms, found 1 plugins.
Preloading 0 native plugins for Editor in 0.00 ms.
Invoked RoslynAnalysisRunner static constructor.
RoslynAnalysisRunner will not be running.
RoslynAnalysisRunner has terminated.
Mono: successfully reloaded assembly
- Completed reload, in  1.595 seconds
Platform modules already initialized, skipping
Refreshing native plugins compatible for Editor in 0.12 ms, found 1 plugins.
Preloading 0 native plugins for Editor in 0.00 ms.
Unloading 1110 Unused Serialized files (Serialized files now loaded: 0)
System memory in use before: 342.8 MB.
System memory in use after: 342.8 MB.

Unloading 5 unused Assets to reduce memory usage. Loaded Objects now: 1661.
Total: 1.254959 ms (FindLiveObjects: 0.107083 ms CreateObjectMapping: 0.023667 ms MarkObjects: 1.072166 ms  DeleteObjects: 0.050542 ms)

========================================================================
Received Import Request.
  Time since last request: 1275.186600 seconds.
  path: Assets/Scripts/NewBehaviourScript.cs
  artifactKey: Guid(bf4f50529d6c0481e8854bcddde41fda) Importer(815301076,1909f56bfc062723c751e8b465ee728b)
Start importing Assets/Scripts/NewBehaviourScript.cs using Guid(bf4f50529d6c0481e8854bcddde41fda) Importer(815301076,1909f56bfc062723c751e8b465ee728b)  -> (artifact id: 'b7dd995bfdffd452b462f92531b747b5') in 0.005945 seconds
  Import took 0.007743 seconds .

========================================================================
Received Import Request.
  Time since last request: 0.067840 seconds.
  path: Assets/Scripts/NewBehaviourScript.cs
  artifactKey: Guid(bf4f50529d6c0481e8854bcddde41fda) Importer(815301076,1909f56bfc062723c751e8b465ee728b)
Start importing Assets/Scripts/NewBehaviourScript.cs using Guid(bf4f50529d6c0481e8854bcddde41fda) Importer(815301076,1909f56bfc062723c751e8b465ee728b)  -> (artifact id: 'b7dd995bfdffd452b462f92531b747b5') in 0.002379 seconds
  Import took 0.003926 seconds .

========================================================================
Received Import Request.
  Time since last request: 8.874784 seconds.
  path: Assets/Scripts/GoalScript.cs
  artifactKey: Guid(bf4f50529d6c0481e8854bcddde41fda) Importer(815301076,1909f56bfc062723c751e8b465ee728b)
Start importing Assets/Scripts/GoalScript.cs using Guid(bf4f50529d6c0481e8854bcddde41fda) Importer(815301076,1909f56bfc062723c751e8b465ee728b)  -> (artifact id: 'a9d78272a19f5a4d65fba80c7a168895') in 0.002041 seconds
  Import took 0.003921 seconds .

========================================================================
Received Prepare
Registering precompiled user dll's ...
Registered in 0.000221 seconds.
Begin MonoManager ReloadAssembly
Native extension for OSXStandalone target not found
Refreshing native plugins compatible for Editor in 0.22 ms, found 1 plugins.
Preloading 0 native plugins for Editor in 0.00 ms.
Invoked RoslynAnalysisRunner static constructor.
RoslynAnalysisRunner will not be running.
RoslynAnalysisRunner has terminated.
Mono: successfully reloaded assembly
- Completed reload, in  1.559 seconds
Platform modules already initialized, skipping
Refreshing native plugins compatible for Editor in 0.16 ms, found 1 plugins.
Preloading 0 native plugins for Editor in 0.00 ms.
Unloading 1110 Unused Serialized files (Serialized files now loaded: 0)
System memory in use before: 344.6 MB.
System memory in use after: 344.7 MB.

Unloading 5 unused Assets to reduce memory usage. Loaded Objects now: 1664.
Total: 1.179625 ms (FindLiveObjects: 0.145208 ms CreateObjectMapping: 0.043500 ms MarkObjects: 0.946708 ms  DeleteObjects: 0.043250 ms)

========================================================================
Received Import Request.
  Time since last request: 51.207703 seconds.
  path: Assets/Scripts/GoalScript.cs
  artifactKey: Guid(bf4f50529d6c0481e8854bcddde41fda) Importer(815301076,1909f56bfc062723c751e8b465ee728b)
Start importing Assets/Scripts/GoalScript.cs using Guid(bf4f50529d6c0481e8854bcddde41fda) Importer(815301076,1909f56bfc062723c751e8b465ee728b)  -> (artifact id: '57caf81c2468568e4e63856cf85daae2') in 0.007999 seconds
  Import took 0.010051 seconds .

========================================================================
Received Prepare
Registering precompiled user dll's ...
Registered in 0.000217 seconds.
Begin MonoManager ReloadAssembly
Native extension for OSXStandalone target not found
Refreshing native plugins compatible for Editor in 0.20 ms, found 1 plugins.
Preloading 0 native plugins for Editor in 0.00 ms.
Invoked RoslynAnalysisRunner static constructor.
RoslynAnalysisRunner will not be running.
RoslynAnalysisRunner has terminated.
Mono: successfully reloaded assembly
- Completed reload, in  1.487 seconds
Platform modules already initialized, skipping
Refreshing native plugins compatible for Editor in 0.10 ms, found 1 plugins.
Preloading 0 native plugins for Editor in 0.00 ms.
Unloading 1110 Unused Serialized files (Serialized files now loaded: 0)
System memory in use before: 346.5 MB.
System memory in use after: 346.6 MB.

Unloading 5 unused Assets to reduce memory usage. Loaded Objects now: 1667.
Total: 1.073125 ms (FindLiveObjects: 0.092792 ms CreateObjectMapping: 0.023375 ms MarkObjects: 0.919083 ms  DeleteObjects: 0.036834 ms)

========================================================================
Received Prepare
Registering precompiled user dll's ...
Registered in 0.000256 seconds.
Begin MonoManager ReloadAssembly
Native extension for OSXStandalone target not found
Refreshing native plugins compatible for Editor in 0.24 ms, found 1 plugins.
Preloading 0 native plugins for Editor in 0.00 ms.
Invoked RoslynAnalysisRunner static constructor.
RoslynAnalysisRunner will not be running.
RoslynAnalysisRunner has terminated.
Mono: successfully reloaded assembly
- Completed reload, in  1.505 seconds
Platform modules already initialized, skipping
Refreshing native plugins compatible for Editor in 0.10 ms, found 1 plugins.
Preloading 0 native plugins for Editor in 0.00 ms.
Unloading 1110 Unused Serialized files (Serialized files now loaded: 0)
System memory in use before: 348.4 MB.
System memory in use after: 348.5 MB.

Unloading 5 unused Assets to reduce memory usage. Loaded Objects now: 1670.
Total: 1.179458 ms (FindLiveObjects: 0.137166 ms CreateObjectMapping: 0.027709 ms MarkObjects: 0.967292 ms  DeleteObjects: 0.045834 ms)

========================================================================
Received Prepare
Registering precompiled user dll's ...
Registered in 0.000390 seconds.
Begin MonoManager ReloadAssembly
Native extension for OSXStandalone target not found
Refreshing native plugins compatible for Editor in 0.24 ms, found 1 plugins.
Preloading 0 native plugins for Editor in 0.00 ms.
Invoked RoslynAnalysisRunner static constructor.
RoslynAnalysisRunner will not be running.
RoslynAnalysisRunner has terminated.
Mono: successfully reloaded assembly
- Completed reload, in  1.636 seconds
Platform modules already initialized, skipping
Refreshing native plugins compatible for Editor in 0.19 ms, found 1 plugins.
Preloading 0 native plugins for Editor in 0.00 ms.
Unloading 1110 Unused Serialized files (Serialized files now loaded: 0)
System memory in use before: 350.2 MB.
System memory in use after: 350.3 MB.

Unloading 5 unused Assets to reduce memory usage. Loaded Objects now: 1673.
Total: 1.406333 ms (FindLiveObjects: 0.125208 ms CreateObjectMapping: 0.024958 ms MarkObjects: 1.199208 ms  DeleteObjects: 0.055500 ms)

========================================================================
Received Prepare
Registering precompiled user dll's ...
Registered in 0.000278 seconds.
Begin MonoManager ReloadAssembly
Native extension for OSXStandalone target not found
Refreshing native plugins compatible for Editor in 0.22 ms, found 1 plugins.
Preloading 0 native plugins for Editor in 0.00 ms.
Invoked RoslynAnalysisRunner static constructor.
RoslynAnalysisRunner will not be running.
RoslynAnalysisRunner has terminated.
Mono: successfully reloaded assembly
- Completed reload, in  1.527 seconds
Platform modules already initialized, skipping
Refreshing native plugins compatible for Editor in 0.15 ms, found 1 plugins.
Preloading 0 native plugins for Editor in 0.00 ms.
Unloading 1110 Unused Serialized files (Serialized files now loaded: 0)
System memory in use before: 352.1 MB.
System memory in use after: 352.2 MB.

Unloading 5 unused Assets to reduce memory usage. Loaded Objects now: 1676.
Total: 1.294000 ms (FindLiveObjects: 0.109333 ms CreateObjectMapping: 0.023208 ms MarkObjects: 1.124917 ms  DeleteObjects: 0.035375 ms)

========================================================================
Received Prepare
Registering precompiled user dll's ...
Registered in 0.000235 seconds.
Begin MonoManager ReloadAssembly
Native extension for OSXStandalone target not found
Refreshing native plugins compatible for Editor in 0.25 ms, found 1 plugins.
Preloading 0 native plugins for Editor in 0.00 ms.
Invoked RoslynAnalysisRunner static constructor.
RoslynAnalysisRunner will not be running.
RoslynAnalysisRunner has terminated.
Mono: successfully reloaded assembly
- Completed reload, in  1.411 seconds
Platform modules already initialized, skipping
Refreshing native plugins compatible for Editor in 0.11 ms, found 1 plugins.
Preloading 0 native plugins for Editor in 0.00 ms.
Unloading 1110 Unused Serialized files (Serialized files now loaded: 0)
System memory in use before: 354.0 MB.
System memory in use after: 354.0 MB.

Unloading 5 unused Assets to reduce memory usage. Loaded Objects now: 1679.
Total: 1.178208 ms (FindLiveObjects: 0.095291 ms CreateObjectMapping: 0.023458 ms MarkObjects: 1.024083 ms  DeleteObjects: 0.034208 ms)

========================================================================
Received Import Request.
  Time since last request: 1959.579316 seconds.
  path: Assets/Scenes/Main.unity
  artifactKey: Guid(007a4aa61bae04c68a75cb54c44211aa) Importer(815301076,1909f56bfc062723c751e8b465ee728b)
Start importing Assets/Scenes/Main.unity using Guid(007a4aa61bae04c68a75cb54c44211aa) Importer(815301076,1909f56bfc062723c751e8b465ee728b)  -> (artifact id: '4623285b2c20df94e3e6cef699ebcdec') in 0.018897 seconds
  Import took 0.021167 seconds .

========================================================================
Received Import Request.
  Time since last request: 1.875849 seconds.
  path: Assets/Scripts/GoalScript.cs
  artifactKey: Guid(bf4f50529d6c0481e8854bcddde41fda) Importer(815301076,1909f56bfc062723c751e8b465ee728b)
Start importing Assets/Scripts/GoalScript.cs using Guid(bf4f50529d6c0481e8854bcddde41fda) Importer(815301076,1909f56bfc062723c751e8b465ee728b)  -> (artifact id: '9cfe2711b6ec0a19d45038b6305aae33') in 0.002561 seconds
  Import took 0.004544 seconds .

========================================================================
Received Import Request.
  Time since last request: 0.009626 seconds.
  path: Assets/Scripts/GoalScript.cs
  artifactKey: Guid(bf4f50529d6c0481e8854bcddde41fda) Importer(815301076,1909f56bfc062723c751e8b465ee728b)
Start importing Assets/Scripts/GoalScript.cs using Guid(bf4f50529d6c0481e8854bcddde41fda) Importer(815301076,1909f56bfc062723c751e8b465ee728b)  -> (artifact id: '9cfe2711b6ec0a19d45038b6305aae33') in 0.002196 seconds
  Import took 0.003842 seconds .

========================================================================
Received Import Request.
  Time since last request: 1.486190 seconds.
  path: Assets/Scripts/PlayerMove.cs
  artifactKey: Guid(1771489adfdca43be9f8f151e2504467) Importer(815301076,1909f56bfc062723c751e8b465ee728b)
Start importing Assets/Scripts/PlayerMove.cs using Guid(1771489adfdca43be9f8f151e2504467) Importer(815301076,1909f56bfc062723c751e8b465ee728b)  -> (artifact id: 'dbb7cd29f8d830fa780dfca330522dd7') in 0.003631 seconds
  Import took 0.005565 seconds .

========================================================================
Received Import Request.
  Time since last request: 0.003313 seconds.
  path: Assets/Scripts/PlayerMove.cs
  artifactKey: Guid(1771489adfdca43be9f8f151e2504467) Importer(815301076,1909f56bfc062723c751e8b465ee728b)
Start importing Assets/Scripts/PlayerMove.cs using Guid(1771489adfdca43be9f8f151e2504467) Importer(815301076,1909f56bfc062723c751e8b465ee728b)  -> (artifact id: 'dbb7cd29f8d830fa780dfca330522dd7') in 0.002289 seconds
  Import took 0.003925 seconds .

========================================================================
Received Import Request.
  Time since last request: 211.398797 seconds.
  path: Assets/New Folder
  artifactKey: Guid(be3d13606e0b047afbd56bff23a7659e) Importer(815301076,1909f56bfc062723c751e8b465ee728b)
Start importing Assets/New Folder using Guid(be3d13606e0b047afbd56bff23a7659e) Importer(815301076,1909f56bfc062723c751e8b465ee728b)  -> (artifact id: 'a2386e92fe202f6e3eda97ed0dcc4a5e') in 0.000788 seconds
  Import took 0.002371 seconds .

========================================================================
Received Import Request.
  Time since last request: 3.782029 seconds.
  path: Assets/Sounds
  artifactKey: Guid(be3d13606e0b047afbd56bff23a7659e) Importer(815301076,1909f56bfc062723c751e8b465ee728b)
Start importing Assets/Sounds using Guid(be3d13606e0b047afbd56bff23a7659e) Importer(815301076,1909f56bfc062723c751e8b465ee728b)  -> (artifact id: '8d3352771deac4b5c5333ad3399e65a8') in 0.001187 seconds
  Import took 0.003124 seconds .

========================================================================
Received Import Request.
  Time since last request: 1.715170 seconds.
  path: Assets/MusMus-BGM-172.mp3
  artifactKey: Guid(bec02485c008044d3b8e850b0b80c0dd) Importer(815301076,1909f56bfc062723c751e8b465ee728b)
Start importing Assets/MusMus-BGM-172.mp3 using Guid(bec02485c008044d3b8e850b0b80c0dd) Importer(815301076,1909f56bfc062723c751e8b465ee728b)  -> (artifact id: '2c2a97f3c270fbbbcf6ee2b68d4c2a09') in 0.719487 seconds
  Import took 0.721557 seconds .

========================================================================
Received Prepare
Registering precompiled user dll's ...
Registered in 0.000235 seconds.
Begin MonoManager ReloadAssembly
Native extension for OSXStandalone target not found
Refreshing native plugins compatible for Editor in 0.19 ms, found 1 plugins.
Preloading 0 native plugins for Editor in 0.00 ms.
Invoked RoslynAnalysisRunner static constructor.
RoslynAnalysisRunner will not be running.
RoslynAnalysisRunner has terminated.
Mono: successfully reloaded assembly
- Completed reload, in  1.376 seconds
Platform modules already initialized, skipping
Refreshing native plugins compatible for Editor in 0.19 ms, found 1 plugins.
Preloading 0 native plugins for Editor in 0.00 ms.
Unloading 1110 Unused Serialized files (Serialized files now loaded: 0)
System memory in use before: 434.9 MB.
System memory in use after: 435.0 MB.

Unloading 5 unused Assets to reduce memory usage. Loaded Objects now: 1685.
Total: 1.520166 ms (FindLiveObjects: 0.181416 ms CreateObjectMapping: 0.081667 ms MarkObjects: 1.188458 ms  DeleteObjects: 0.067542 ms)

