Using pre-set license

 COMMAND LINE ARGUMENTS:
/Applications/Unity/Hub/Editor/2020.2.7f1/Unity.app/Contents/MacOS/Unity
-adb2
-batchMode
-noUpm
-name
AssetImportWorker0
-projectPath
/Users/itoakitaka/Desktop/Unity/UnityRun
-logFile
Logs/AssetImportWorker0.log
-srvPort
57324
Successfully changed project path to: /Users/itoakitaka/Desktop/Unity/UnityRun
/Users/itoakitaka/Desktop/Unity/UnityRun
Using Asset Import Pipeline V2.
Refreshing native plugins compatible for Editor in 25.49 ms, found 1 plugins.
Preloading 0 native plugins for Editor in 0.00 ms.
Initialize engine version: 2020.2.7f1 (c53830e277f1)
[Subsystems] Discovering subsystems at path /Applications/Unity/Hub/Editor/2020.2.7f1/Unity.app/Contents/Resources/UnitySubsystems
[Subsystems] Discovering subsystems at path /Users/itoakitaka/Desktop/Unity/UnityRun/Assets
GfxDevice: creating device client; threaded=0
2023-08-17 15:30:11.370 Unity[36317:10749221] (null) preferred device: Apple M1 Pro (high power)
2023-08-17 15:30:11.370 Unity[36317:10749221] Metal devices available: 1
2023-08-17 15:30:11.370 Unity[36317:10749221] 0: Apple M1 Pro (high power)
2023-08-17 15:30:11.370 Unity[36317:10749221] Using device Apple M1 Pro (high power)
Initializing Metal device caps: Apple M1 Pro
Initialize mono
Mono path[0] = '/Applications/Unity/Hub/Editor/2020.2.7f1/Unity.app/Contents/Managed'
Mono path[1] = '/Applications/Unity/Hub/Editor/2020.2.7f1/Unity.app/Contents/MonoBleedingEdge/lib/mono/unityjit'
Mono config path = '/Applications/Unity/Hub/Editor/2020.2.7f1/Unity.app/Contents/MonoBleedingEdge/etc'
Using monoOptions --debugger-agent=transport=dt_socket,embedding=1,server=y,suspend=n,address=127.0.0.1:56317
Begin MonoManager ReloadAssembly
Registering precompiled unity dll's ...
Register platform support module: /Applications/Unity/Hub/Editor/2020.2.7f1/Unity.app/Contents/PlaybackEngines/MacStandaloneSupport/UnityEditor.OSXStandalone.Extensions.dll
Registered in 0.000868 seconds.
Native extension for OSXStandalone target not found
Refreshing native plugins compatible for Editor in 26.77 ms, found 1 plugins.
Preloading 0 native plugins for Editor in 0.00 ms.
Invoked RoslynAnalysisRunner static constructor.
RoslynAnalysisRunner will not be running.
RoslynAnalysisRunner has terminated.
Mono: successfully reloaded assembly
- Completed reload, in  1.839 seconds
Platform modules already initialized, skipping
Registering precompiled user dll's ...
Registered in 0.001708 seconds.
Begin MonoManager ReloadAssembly
Native extension for OSXStandalone target not found
Refreshing native plugins compatible for Editor in 0.24 ms, found 1 plugins.
Preloading 0 native plugins for Editor in 0.00 ms.
Invoked RoslynAnalysisRunner static constructor.
RoslynAnalysisRunner will not be running.
RoslynAnalysisRunner has terminated.
Mono: successfully reloaded assembly
- Completed reload, in  1.441 seconds
Platform modules already initialized, skipping
========================================================================
Worker process is ready to serve import requests
Launching external process: /Applications/Unity/Hub/Editor/2020.2.7f1/Unity.app/Contents/Tools/UnityShaderCompiler
Launched and connected shader compiler UnityShaderCompiler after 0.03 seconds
Refreshing native plugins compatible for Editor in 0.22 ms, found 1 plugins.
Preloading 0 native plugins for Editor in 0.00 ms.
Unloading 1134 Unused Serialized files (Serialized files now loaded: 0)
System memory in use before: 62.0 MB.
System memory in use after: 62.1 MB.

Unloading 10 unused Assets to reduce memory usage. Loaded Objects now: 1579.
Total: 1.543792 ms (FindLiveObjects: 0.129000 ms CreateObjectMapping: 0.023166 ms MarkObjects: 1.284125 ms  DeleteObjects: 0.104333 ms)

========================================================================
Received Import Request.
  path: Assets/Scenes/Stage_1.unity
  artifactKey: Guid(68dfd94f8c0604e889d5042d23ef6c10) Importer(815301076,1909f56bfc062723c751e8b465ee728b)
Start importing Assets/Scenes/Stage_1.unity using Guid(68dfd94f8c0604e889d5042d23ef6c10) Importer(815301076,1909f56bfc062723c751e8b465ee728b)  -> (artifact id: 'b0e71361b67e3222cf2e04d7513f3021') in 0.017127 seconds
  Import took 0.019061 seconds .

========================================================================
Received Import Request.
  Time since last request: 321.948647 seconds.
  path: Assets/Scripts/Player.cs
  artifactKey: Guid(aa82bafa6711a472e85561b31447ae92) Importer(815301076,1909f56bfc062723c751e8b465ee728b)
Start importing Assets/Scripts/Player.cs using Guid(aa82bafa6711a472e85561b31447ae92) Importer(815301076,1909f56bfc062723c751e8b465ee728b)  -> (artifact id: '7cdd029944a9671f15db5c3407979a4c') in 0.164429 seconds
  Import took 0.167052 seconds .

========================================================================
Received Import Request.
  Time since last request: 380.582661 seconds.
  path: Assets/Scripts/Player.cs
  artifactKey: Guid(aa82bafa6711a472e85561b31447ae92) Importer(815301076,1909f56bfc062723c751e8b465ee728b)
Start importing Assets/Scripts/Player.cs using Guid(aa82bafa6711a472e85561b31447ae92) Importer(815301076,1909f56bfc062723c751e8b465ee728b)  -> (artifact id: '27f1ebd77d57618f1327931539026fe7') in 0.002946 seconds
  Import took 0.005159 seconds .

========================================================================
Received Prepare
Registering precompiled user dll's ...
Registered in 0.000274 seconds.
Begin MonoManager ReloadAssembly
Native extension for OSXStandalone target not found
Refreshing native plugins compatible for Editor in 0.25 ms, found 1 plugins.
Preloading 0 native plugins for Editor in 0.00 ms.
Invoked RoslynAnalysisRunner static constructor.
RoslynAnalysisRunner will not be running.
RoslynAnalysisRunner has terminated.
Mono: successfully reloaded assembly
- Completed reload, in  1.456 seconds
Platform modules already initialized, skipping
Refreshing native plugins compatible for Editor in 0.22 ms, found 1 plugins.
Preloading 0 native plugins for Editor in 0.00 ms.
Unloading 1117 Unused Serialized files (Serialized files now loaded: 0)
System memory in use before: 109.2 MB.
System memory in use after: 109.3 MB.

Unloading 5 unused Assets to reduce memory usage. Loaded Objects now: 1582.
Total: 1.310667 ms (FindLiveObjects: 0.139708 ms CreateObjectMapping: 0.025916 ms MarkObjects: 1.055584 ms  DeleteObjects: 0.088334 ms)

========================================================================
Received Prepare
Registering precompiled user dll's ...
Registered in 0.000851 seconds.
Begin MonoManager ReloadAssembly
Native extension for OSXStandalone target not found
Refreshing native plugins compatible for Editor in 0.27 ms, found 1 plugins.
Preloading 0 native plugins for Editor in 0.00 ms.
Invoked RoslynAnalysisRunner static constructor.
RoslynAnalysisRunner will not be running.
RoslynAnalysisRunner has terminated.
Mono: successfully reloaded assembly
- Completed reload, in  1.652 seconds
Platform modules already initialized, skipping
Refreshing native plugins compatible for Editor in 0.23 ms, found 1 plugins.
Preloading 0 native plugins for Editor in 0.00 ms.
Unloading 1117 Unused Serialized files (Serialized files now loaded: 0)
System memory in use before: 110.7 MB.
System memory in use after: 110.8 MB.

Unloading 5 unused Assets to reduce memory usage. Loaded Objects now: 1585.
Total: 1.357542 ms (FindLiveObjects: 0.171500 ms CreateObjectMapping: 0.025125 ms MarkObjects: 1.064583 ms  DeleteObjects: 0.095292 ms)

========================================================================
Received Import Request.
  Time since last request: 249.222283 seconds.
  path: Assets/Scripts/Player.cs
  artifactKey: Guid(aa82bafa6711a472e85561b31447ae92) Importer(815301076,1909f56bfc062723c751e8b465ee728b)
Start importing Assets/Scripts/Player.cs using Guid(aa82bafa6711a472e85561b31447ae92) Importer(815301076,1909f56bfc062723c751e8b465ee728b)  -> (artifact id: 'ee59f7c2637b40bc67f2beb195f005e5') in 0.004637 seconds
  Import took 0.006327 seconds .

========================================================================
Received Prepare
Registering precompiled user dll's ...
Registered in 0.000293 seconds.
Begin MonoManager ReloadAssembly
Native extension for OSXStandalone target not found
Refreshing native plugins compatible for Editor in 0.25 ms, found 1 plugins.
Preloading 0 native plugins for Editor in 0.00 ms.
Invoked RoslynAnalysisRunner static constructor.
RoslynAnalysisRunner will not be running.
RoslynAnalysisRunner has terminated.
Mono: successfully reloaded assembly
- Completed reload, in  1.466 seconds
Platform modules already initialized, skipping
Refreshing native plugins compatible for Editor in 0.25 ms, found 1 plugins.
Preloading 0 native plugins for Editor in 0.00 ms.
Unloading 1117 Unused Serialized files (Serialized files now loaded: 0)
System memory in use before: 112.3 MB.
System memory in use after: 112.3 MB.

Unloading 5 unused Assets to reduce memory usage. Loaded Objects now: 1588.
Total: 1.178084 ms (FindLiveObjects: 0.116250 ms CreateObjectMapping: 0.024708 ms MarkObjects: 0.983417 ms  DeleteObjects: 0.052458 ms)

========================================================================
Received Import Request.
  Time since last request: 148.847748 seconds.
  path: Assets/Scripts/Player.cs
  artifactKey: Guid(aa82bafa6711a472e85561b31447ae92) Importer(815301076,1909f56bfc062723c751e8b465ee728b)
Start importing Assets/Scripts/Player.cs using Guid(aa82bafa6711a472e85561b31447ae92) Importer(815301076,1909f56bfc062723c751e8b465ee728b)  -> (artifact id: '829828d54cb9856cd51b6dd687b1b87d') in 0.005796 seconds
  Import took 0.007670 seconds .

========================================================================
Received Prepare
Registering precompiled user dll's ...
Registered in 0.000305 seconds.
Begin MonoManager ReloadAssembly
Native extension for OSXStandalone target not found
Refreshing native plugins compatible for Editor in 0.25 ms, found 1 plugins.
Preloading 0 native plugins for Editor in 0.00 ms.
Invoked RoslynAnalysisRunner static constructor.
RoslynAnalysisRunner will not be running.
RoslynAnalysisRunner has terminated.
Mono: successfully reloaded assembly
- Completed reload, in  1.530 seconds
Platform modules already initialized, skipping
Refreshing native plugins compatible for Editor in 0.20 ms, found 1 plugins.
Preloading 0 native plugins for Editor in 0.00 ms.
Unloading 1117 Unused Serialized files (Serialized files now loaded: 0)
System memory in use before: 113.7 MB.
System memory in use after: 113.8 MB.

Unloading 5 unused Assets to reduce memory usage. Loaded Objects now: 1591.
Total: 1.331000 ms (FindLiveObjects: 0.159208 ms CreateObjectMapping: 0.029000 ms MarkObjects: 1.080334 ms  DeleteObjects: 0.061167 ms)

========================================================================
Received Import Request.
  Time since last request: 205.948139 seconds.
  path: Assets/Scripts/Player.cs
  artifactKey: Guid(aa82bafa6711a472e85561b31447ae92) Importer(815301076,1909f56bfc062723c751e8b465ee728b)
Start importing Assets/Scripts/Player.cs using Guid(aa82bafa6711a472e85561b31447ae92) Importer(815301076,1909f56bfc062723c751e8b465ee728b)  -> (artifact id: '0c37e663fc0d638b8d7ec6eff57e351a') in 0.005932 seconds
  Import took 0.007911 seconds .

========================================================================
Received Prepare
Registering precompiled user dll's ...
Registered in 0.000257 seconds.
Begin MonoManager ReloadAssembly
Native extension for OSXStandalone target not found
Refreshing native plugins compatible for Editor in 0.25 ms, found 1 plugins.
Preloading 0 native plugins for Editor in 0.00 ms.
Invoked RoslynAnalysisRunner static constructor.
RoslynAnalysisRunner will not be running.
RoslynAnalysisRunner has terminated.
Mono: successfully reloaded assembly
- Completed reload, in  1.456 seconds
Platform modules already initialized, skipping
Refreshing native plugins compatible for Editor in 0.21 ms, found 1 plugins.
Preloading 0 native plugins for Editor in 0.00 ms.
Unloading 1117 Unused Serialized files (Serialized files now loaded: 0)
System memory in use before: 115.2 MB.
System memory in use after: 115.3 MB.

Unloading 5 unused Assets to reduce memory usage. Loaded Objects now: 1594.
Total: 1.339833 ms (FindLiveObjects: 0.105458 ms CreateObjectMapping: 0.024125 ms MarkObjects: 1.149500 ms  DeleteObjects: 0.059250 ms)

========================================================================
Received Prepare
Registering precompiled user dll's ...
Registered in 0.000359 seconds.
Begin MonoManager ReloadAssembly
Native extension for OSXStandalone target not found
Refreshing native plugins compatible for Editor in 0.25 ms, found 1 plugins.
Preloading 0 native plugins for Editor in 0.00 ms.
Invoked RoslynAnalysisRunner static constructor.
RoslynAnalysisRunner will not be running.
RoslynAnalysisRunner has terminated.
Mono: successfully reloaded assembly
- Completed reload, in  1.602 seconds
Platform modules already initialized, skipping
Refreshing native plugins compatible for Editor in 0.20 ms, found 1 plugins.
Preloading 0 native plugins for Editor in 0.00 ms.
Unloading 1117 Unused Serialized files (Serialized files now loaded: 0)
System memory in use before: 116.7 MB.
System memory in use after: 116.8 MB.

Unloading 5 unused Assets to reduce memory usage. Loaded Objects now: 1597.
Total: 1.225166 ms (FindLiveObjects: 0.095708 ms CreateObjectMapping: 0.025583 ms MarkObjects: 1.047792 ms  DeleteObjects: 0.055042 ms)

========================================================================
Received Import Request.
  Time since last request: 467.309491 seconds.
  path: ProjectSettings/TagManager.asset
  artifactKey: Guid(00000000000000003000000000000000) Importer(815301076,1909f56bfc062723c751e8b465ee728b)
Start importing ProjectSettings/TagManager.asset using Guid(00000000000000003000000000000000) Importer(815301076,1909f56bfc062723c751e8b465ee728b)  -> (artifact id: '2eaa3349c9e40244e4dab48b70f5f6d6') in 0.458677 seconds
  Import took 0.460503 seconds .

========================================================================
Received Import Request.
  Time since last request: 279.141231 seconds.
  path: Assets/Scripts/Player.cs
  artifactKey: Guid(aa82bafa6711a472e85561b31447ae92) Importer(815301076,1909f56bfc062723c751e8b465ee728b)
Start importing Assets/Scripts/Player.cs using Guid(aa82bafa6711a472e85561b31447ae92) Importer(815301076,1909f56bfc062723c751e8b465ee728b)  -> (artifact id: '2fe69bc546cf7a83c9b5fdee37264f3f') in 0.002733 seconds
  Import took 0.004485 seconds .

========================================================================
Received Prepare
Registering precompiled user dll's ...
Registered in 0.000304 seconds.
Begin MonoManager ReloadAssembly
Native extension for OSXStandalone target not found
Refreshing native plugins compatible for Editor in 0.25 ms, found 1 plugins.
Preloading 0 native plugins for Editor in 0.00 ms.
Invoked RoslynAnalysisRunner static constructor.
RoslynAnalysisRunner will not be running.
RoslynAnalysisRunner has terminated.
Mono: successfully reloaded assembly
- Completed reload, in  1.431 seconds
Platform modules already initialized, skipping
Refreshing native plugins compatible for Editor in 0.22 ms, found 1 plugins.
Preloading 0 native plugins for Editor in 0.00 ms.
Unloading 1117 Unused Serialized files (Serialized files now loaded: 0)
System memory in use before: 197.1 MB.
System memory in use after: 197.2 MB.

Unloading 6 unused Assets to reduce memory usage. Loaded Objects now: 1600.
Total: 1.317375 ms (FindLiveObjects: 0.146042 ms CreateObjectMapping: 0.023250 ms MarkObjects: 1.085208 ms  DeleteObjects: 0.061667 ms)

========================================================================
Received Prepare
Registering precompiled user dll's ...
Registered in 0.000363 seconds.
Begin MonoManager ReloadAssembly
Native extension for OSXStandalone target not found
Refreshing native plugins compatible for Editor in 0.29 ms, found 1 plugins.
Preloading 0 native plugins for Editor in 0.00 ms.
Invoked RoslynAnalysisRunner static constructor.
RoslynAnalysisRunner will not be running.
RoslynAnalysisRunner has terminated.
Mono: successfully reloaded assembly
- Completed reload, in  1.581 seconds
Platform modules already initialized, skipping
Refreshing native plugins compatible for Editor in 0.24 ms, found 1 plugins.
Preloading 0 native plugins for Editor in 0.00 ms.
Unloading 1117 Unused Serialized files (Serialized files now loaded: 0)
System memory in use before: 198.6 MB.
System memory in use after: 198.7 MB.

Unloading 5 unused Assets to reduce memory usage. Loaded Objects now: 1603.
Total: 1.212166 ms (FindLiveObjects: 0.142250 ms CreateObjectMapping: 0.024000 ms MarkObjects: 0.983500 ms  DeleteObjects: 0.061250 ms)

========================================================================
Received Prepare
Registering precompiled user dll's ...
Registered in 0.000333 seconds.
Begin MonoManager ReloadAssembly
Native extension for OSXStandalone target not found
Refreshing native plugins compatible for Editor in 0.24 ms, found 1 plugins.
Preloading 0 native plugins for Editor in 0.00 ms.
Invoked RoslynAnalysisRunner static constructor.
RoslynAnalysisRunner will not be running.
RoslynAnalysisRunner has terminated.
Mono: successfully reloaded assembly
- Completed reload, in  1.431 seconds
Platform modules already initialized, skipping
Refreshing native plugins compatible for Editor in 0.23 ms, found 1 plugins.
Preloading 0 native plugins for Editor in 0.00 ms.
Unloading 1117 Unused Serialized files (Serialized files now loaded: 0)
System memory in use before: 200.0 MB.
System memory in use after: 200.1 MB.

Unloading 5 unused Assets to reduce memory usage. Loaded Objects now: 1606.
Total: 1.291375 ms (FindLiveObjects: 0.123209 ms CreateObjectMapping: 0.025709 ms MarkObjects: 1.083583 ms  DeleteObjects: 0.057625 ms)

========================================================================
Received Import Request.
  Time since last request: 105.025089 seconds.
  path: Assets/Scripts/Player.cs
  artifactKey: Guid(aa82bafa6711a472e85561b31447ae92) Importer(815301076,1909f56bfc062723c751e8b465ee728b)
Start importing Assets/Scripts/Player.cs using Guid(aa82bafa6711a472e85561b31447ae92) Importer(815301076,1909f56bfc062723c751e8b465ee728b)  -> (artifact id: 'd94e9cfe3a5f8032aa1424707360f73b') in 0.005209 seconds
  Import took 0.006663 seconds .

========================================================================
Received Prepare
Registering precompiled user dll's ...
Registered in 0.000347 seconds.
Begin MonoManager ReloadAssembly
Native extension for OSXStandalone target not found
Refreshing native plugins compatible for Editor in 0.26 ms, found 1 plugins.
Preloading 0 native plugins for Editor in 0.00 ms.
Invoked RoslynAnalysisRunner static constructor.
RoslynAnalysisRunner will not be running.
RoslynAnalysisRunner has terminated.
Mono: successfully reloaded assembly
- Completed reload, in  1.610 seconds
Platform modules already initialized, skipping
Refreshing native plugins compatible for Editor in 0.21 ms, found 1 plugins.
Preloading 0 native plugins for Editor in 0.00 ms.
Unloading 1117 Unused Serialized files (Serialized files now loaded: 0)
System memory in use before: 201.5 MB.
System memory in use after: 201.6 MB.

Unloading 5 unused Assets to reduce memory usage. Loaded Objects now: 1609.
Total: 1.195750 ms (FindLiveObjects: 0.114042 ms CreateObjectMapping: 0.023500 ms MarkObjects: 0.995709 ms  DeleteObjects: 0.061166 ms)

========================================================================
Received Prepare
Registering precompiled user dll's ...
Registered in 0.000357 seconds.
Begin MonoManager ReloadAssembly
Native extension for OSXStandalone target not found
Refreshing native plugins compatible for Editor in 0.27 ms, found 1 plugins.
Preloading 0 native plugins for Editor in 0.00 ms.
Invoked RoslynAnalysisRunner static constructor.
RoslynAnalysisRunner will not be running.
RoslynAnalysisRunner has terminated.
Mono: successfully reloaded assembly
- Completed reload, in  1.525 seconds
Platform modules already initialized, skipping
Refreshing native plugins compatible for Editor in 0.21 ms, found 1 plugins.
Preloading 0 native plugins for Editor in 0.00 ms.
Unloading 1117 Unused Serialized files (Serialized files now loaded: 0)
System memory in use before: 203.0 MB.
System memory in use after: 203.1 MB.

Unloading 5 unused Assets to reduce memory usage. Loaded Objects now: 1612.
Total: 1.349625 ms (FindLiveObjects: 0.109166 ms CreateObjectMapping: 0.023500 ms MarkObjects: 1.166917 ms  DeleteObjects: 0.048791 ms)

========================================================================
Received Import Request.
  Time since last request: 419.291425 seconds.
  path: Assets/Scripts/Player.cs
  artifactKey: Guid(aa82bafa6711a472e85561b31447ae92) Importer(815301076,1909f56bfc062723c751e8b465ee728b)
Start importing Assets/Scripts/Player.cs using Guid(aa82bafa6711a472e85561b31447ae92) Importer(815301076,1909f56bfc062723c751e8b465ee728b)  -> (artifact id: '50e00a7e8ffe0004298f4ef58ddcdf6f') in 0.005822 seconds
  Import took 0.007536 seconds .

========================================================================
Received Prepare
Registering precompiled user dll's ...
Registered in 0.000345 seconds.
Begin MonoManager ReloadAssembly
Native extension for OSXStandalone target not found
Refreshing native plugins compatible for Editor in 0.26 ms, found 1 plugins.
Preloading 0 native plugins for Editor in 0.00 ms.
Invoked RoslynAnalysisRunner static constructor.
RoslynAnalysisRunner will not be running.
RoslynAnalysisRunner has terminated.
Mono: successfully reloaded assembly
- Completed reload, in  1.539 seconds
Platform modules already initialized, skipping
Refreshing native plugins compatible for Editor in 0.24 ms, found 1 plugins.
Preloading 0 native plugins for Editor in 0.00 ms.
Unloading 1117 Unused Serialized files (Serialized files now loaded: 0)
System memory in use before: 204.5 MB.
System memory in use after: 204.6 MB.

Unloading 5 unused Assets to reduce memory usage. Loaded Objects now: 1615.
Total: 1.210166 ms (FindLiveObjects: 0.112084 ms CreateObjectMapping: 0.024458 ms MarkObjects: 1.004583 ms  DeleteObjects: 0.067417 ms)

========================================================================
Received Prepare
Registering precompiled user dll's ...
Registered in 0.000399 seconds.
Begin MonoManager ReloadAssembly
Native extension for OSXStandalone target not found
Refreshing native plugins compatible for Editor in 0.28 ms, found 1 plugins.
Preloading 0 native plugins for Editor in 0.00 ms.
Invoked RoslynAnalysisRunner static constructor.
RoslynAnalysisRunner will not be running.
RoslynAnalysisRunner has terminated.
Mono: successfully reloaded assembly
- Completed reload, in  1.508 seconds
Platform modules already initialized, skipping
Refreshing native plugins compatible for Editor in 0.23 ms, found 1 plugins.
Preloading 0 native plugins for Editor in 0.00 ms.
Unloading 1117 Unused Serialized files (Serialized files now loaded: 0)
System memory in use before: 206.0 MB.
System memory in use after: 206.0 MB.

Unloading 5 unused Assets to reduce memory usage. Loaded Objects now: 1618.
Total: 1.129708 ms (FindLiveObjects: 0.112792 ms CreateObjectMapping: 0.026042 ms MarkObjects: 0.931125 ms  DeleteObjects: 0.058500 ms)

========================================================================
Received Prepare
Registering precompiled user dll's ...
Registered in 0.000310 seconds.
Begin MonoManager ReloadAssembly
Native extension for OSXStandalone target not found
Refreshing native plugins compatible for Editor in 0.25 ms, found 1 plugins.
Preloading 0 native plugins for Editor in 0.00 ms.
Invoked RoslynAnalysisRunner static constructor.
RoslynAnalysisRunner will not be running.
RoslynAnalysisRunner has terminated.
Mono: successfully reloaded assembly
- Completed reload, in  1.392 seconds
Platform modules already initialized, skipping
Refreshing native plugins compatible for Editor in 0.16 ms, found 1 plugins.
Preloading 0 native plugins for Editor in 0.00 ms.
Unloading 1117 Unused Serialized files (Serialized files now loaded: 0)
System memory in use before: 207.4 MB.
System memory in use after: 207.5 MB.

Unloading 5 unused Assets to reduce memory usage. Loaded Objects now: 1621.
Total: 1.300959 ms (FindLiveObjects: 0.163625 ms CreateObjectMapping: 0.025250 ms MarkObjects: 1.068709 ms  DeleteObjects: 0.041583 ms)

========================================================================
Received Prepare
Registering precompiled user dll's ...
Registered in 0.000348 seconds.
Begin MonoManager ReloadAssembly
Native extension for OSXStandalone target not found
Refreshing native plugins compatible for Editor in 0.32 ms, found 1 plugins.
Preloading 0 native plugins for Editor in 0.00 ms.
Invoked RoslynAnalysisRunner static constructor.
RoslynAnalysisRunner will not be running.
RoslynAnalysisRunner has terminated.
Mono: successfully reloaded assembly
- Completed reload, in  1.436 seconds
Platform modules already initialized, skipping
Refreshing native plugins compatible for Editor in 0.21 ms, found 1 plugins.
Preloading 0 native plugins for Editor in 0.00 ms.
Unloading 1117 Unused Serialized files (Serialized files now loaded: 0)
System memory in use before: 208.9 MB.
System memory in use after: 209.0 MB.

Unloading 5 unused Assets to reduce memory usage. Loaded Objects now: 1624.
Total: 1.352750 ms (FindLiveObjects: 0.116125 ms CreateObjectMapping: 0.023958 ms MarkObjects: 1.147125 ms  DeleteObjects: 0.064000 ms)

========================================================================
Received Prepare
Registering precompiled user dll's ...
Registered in 0.000490 seconds.
Begin MonoManager ReloadAssembly
Native extension for OSXStandalone target not found
Refreshing native plugins compatible for Editor in 0.28 ms, found 1 plugins.
Preloading 0 native plugins for Editor in 0.00 ms.
Invoked RoslynAnalysisRunner static constructor.
RoslynAnalysisRunner will not be running.
RoslynAnalysisRunner has terminated.
Mono: successfully reloaded assembly
- Completed reload, in  1.557 seconds
Platform modules already initialized, skipping
Refreshing native plugins compatible for Editor in 0.24 ms, found 1 plugins.
Preloading 0 native plugins for Editor in 0.00 ms.
Unloading 1117 Unused Serialized files (Serialized files now loaded: 0)
System memory in use before: 210.4 MB.
System memory in use after: 210.5 MB.

Unloading 5 unused Assets to reduce memory usage. Loaded Objects now: 1627.
Total: 1.365959 ms (FindLiveObjects: 0.105791 ms CreateObjectMapping: 0.022792 ms MarkObjects: 1.174166 ms  DeleteObjects: 0.061792 ms)

========================================================================
Received Prepare
Registering precompiled user dll's ...
Registered in 0.000319 seconds.
Begin MonoManager ReloadAssembly
Native extension for OSXStandalone target not found
Refreshing native plugins compatible for Editor in 0.26 ms, found 1 plugins.
Preloading 0 native plugins for Editor in 0.00 ms.
Invoked RoslynAnalysisRunner static constructor.
RoslynAnalysisRunner will not be running.
RoslynAnalysisRunner has terminated.
Mono: successfully reloaded assembly
- Completed reload, in  1.438 seconds
Platform modules already initialized, skipping
Refreshing native plugins compatible for Editor in 0.22 ms, found 1 plugins.
Preloading 0 native plugins for Editor in 0.00 ms.
Unloading 1117 Unused Serialized files (Serialized files now loaded: 0)
System memory in use before: 211.9 MB.
System memory in use after: 211.9 MB.

Unloading 5 unused Assets to reduce memory usage. Loaded Objects now: 1630.
Total: 1.132792 ms (FindLiveObjects: 0.164000 ms CreateObjectMapping: 0.025291 ms MarkObjects: 0.895250 ms  DeleteObjects: 0.047000 ms)

========================================================================
Received Import Request.
  Time since last request: 6794.533346 seconds.
  path: Assets/Scripts/Player.cs
  artifactKey: Guid(aa82bafa6711a472e85561b31447ae92) Importer(815301076,1909f56bfc062723c751e8b465ee728b)
Start importing Assets/Scripts/Player.cs using Guid(aa82bafa6711a472e85561b31447ae92) Importer(815301076,1909f56bfc062723c751e8b465ee728b)  -> (artifact id: '93940ee41f9a20e51c5040eecabc567a') in 0.006066 seconds
  Import took 0.007836 seconds .

========================================================================
Received Import Request.
  Time since last request: 0.018561 seconds.
  path: Assets/Scripts/Player.cs
  artifactKey: Guid(aa82bafa6711a472e85561b31447ae92) Importer(815301076,1909f56bfc062723c751e8b465ee728b)
Start importing Assets/Scripts/Player.cs using Guid(aa82bafa6711a472e85561b31447ae92) Importer(815301076,1909f56bfc062723c751e8b465ee728b)  -> (artifact id: '93940ee41f9a20e51c5040eecabc567a') in 0.002063 seconds
  Import took 0.003434 seconds .

========================================================================
Received Prepare
Registering precompiled user dll's ...
Registered in 0.000483 seconds.
Begin MonoManager ReloadAssembly
Native extension for OSXStandalone target not found
Refreshing native plugins compatible for Editor in 0.25 ms, found 1 plugins.
Preloading 0 native plugins for Editor in 0.00 ms.
Invoked RoslynAnalysisRunner static constructor.
RoslynAnalysisRunner will not be running.
RoslynAnalysisRunner has terminated.
Mono: successfully reloaded assembly
- Completed reload, in  1.526 seconds
Platform modules already initialized, skipping
Refreshing native plugins compatible for Editor in 0.23 ms, found 1 plugins.
Preloading 0 native plugins for Editor in 0.00 ms.
Unloading 1117 Unused Serialized files (Serialized files now loaded: 0)
System memory in use before: 213.3 MB.
System memory in use after: 213.4 MB.

Unloading 5 unused Assets to reduce memory usage. Loaded Objects now: 1633.
Total: 1.219292 ms (FindLiveObjects: 0.131958 ms CreateObjectMapping: 0.023750 ms MarkObjects: 0.999750 ms  DeleteObjects: 0.062417 ms)

========================================================================
Received Prepare
Registering precompiled user dll's ...
Registered in 0.000283 seconds.
Begin MonoManager ReloadAssembly
Native extension for OSXStandalone target not found
Refreshing native plugins compatible for Editor in 0.27 ms, found 1 plugins.
Preloading 0 native plugins for Editor in 0.00 ms.
Invoked RoslynAnalysisRunner static constructor.
RoslynAnalysisRunner will not be running.
RoslynAnalysisRunner has terminated.
Mono: successfully reloaded assembly
- Completed reload, in  1.448 seconds
Platform modules already initialized, skipping
Refreshing native plugins compatible for Editor in 0.21 ms, found 1 plugins.
Preloading 0 native plugins for Editor in 0.00 ms.
Unloading 1117 Unused Serialized files (Serialized files now loaded: 0)
System memory in use before: 214.8 MB.
System memory in use after: 214.9 MB.

Unloading 5 unused Assets to reduce memory usage. Loaded Objects now: 1636.
Total: 1.226541 ms (FindLiveObjects: 0.119125 ms CreateObjectMapping: 0.023834 ms MarkObjects: 1.021916 ms  DeleteObjects: 0.060500 ms)

========================================================================
Received Import Request.
  Time since last request: 48.716160 seconds.
  path: Assets/Scripts/Player.cs
  artifactKey: Guid(aa82bafa6711a472e85561b31447ae92) Importer(815301076,1909f56bfc062723c751e8b465ee728b)
Start importing Assets/Scripts/Player.cs using Guid(aa82bafa6711a472e85561b31447ae92) Importer(815301076,1909f56bfc062723c751e8b465ee728b)  -> (artifact id: 'f746d5c30150f5d60df1e955dba6d9e2') in 0.005535 seconds
  Import took 0.007236 seconds .

========================================================================
Received Prepare
Registering precompiled user dll's ...
Registered in 0.000281 seconds.
Begin MonoManager ReloadAssembly
Native extension for OSXStandalone target not found
Refreshing native plugins compatible for Editor in 0.24 ms, found 1 plugins.
Preloading 0 native plugins for Editor in 0.00 ms.
Invoked RoslynAnalysisRunner static constructor.
RoslynAnalysisRunner will not be running.
RoslynAnalysisRunner has terminated.
Mono: successfully reloaded assembly
- Completed reload, in  1.479 seconds
Platform modules already initialized, skipping
Refreshing native plugins compatible for Editor in 0.19 ms, found 1 plugins.
Preloading 0 native plugins for Editor in 0.00 ms.
Unloading 1117 Unused Serialized files (Serialized files now loaded: 0)
System memory in use before: 216.3 MB.
System memory in use after: 216.4 MB.

Unloading 5 unused Assets to reduce memory usage. Loaded Objects now: 1639.
Total: 1.182333 ms (FindLiveObjects: 0.111500 ms CreateObjectMapping: 0.026875 ms MarkObjects: 0.991333 ms  DeleteObjects: 0.051375 ms)

========================================================================
Received Prepare
Registering precompiled user dll's ...
Registered in 0.000402 seconds.
Begin MonoManager ReloadAssembly
Native extension for OSXStandalone target not found
Refreshing native plugins compatible for Editor in 0.24 ms, found 1 plugins.
Preloading 0 native plugins for Editor in 0.00 ms.
Invoked RoslynAnalysisRunner static constructor.
RoslynAnalysisRunner will not be running.
RoslynAnalysisRunner has terminated.
Mono: successfully reloaded assembly
- Completed reload, in  1.497 seconds
Platform modules already initialized, skipping
Refreshing native plugins compatible for Editor in 0.20 ms, found 1 plugins.
Preloading 0 native plugins for Editor in 0.00 ms.
Unloading 1117 Unused Serialized files (Serialized files now loaded: 0)
System memory in use before: 217.8 MB.
System memory in use after: 217.9 MB.

Unloading 5 unused Assets to reduce memory usage. Loaded Objects now: 1642.
Total: 1.067500 ms (FindLiveObjects: 0.092291 ms CreateObjectMapping: 0.022375 ms MarkObjects: 0.910333 ms  DeleteObjects: 0.041416 ms)

========================================================================
Received Prepare
Registering precompiled user dll's ...
Registered in 0.000244 seconds.
Begin MonoManager ReloadAssembly
Native extension for OSXStandalone target not found
Refreshing native plugins compatible for Editor in 0.30 ms, found 1 plugins.
Preloading 0 native plugins for Editor in 0.00 ms.
Invoked RoslynAnalysisRunner static constructor.
RoslynAnalysisRunner will not be running.
RoslynAnalysisRunner has terminated.
Mono: successfully reloaded assembly
- Completed reload, in  1.546 seconds
Platform modules already initialized, skipping
Refreshing native plugins compatible for Editor in 0.25 ms, found 1 plugins.
Preloading 0 native plugins for Editor in 0.00 ms.
Unloading 1117 Unused Serialized files (Serialized files now loaded: 0)
System memory in use before: 219.2 MB.
System memory in use after: 219.3 MB.

Unloading 5 unused Assets to reduce memory usage. Loaded Objects now: 1645.
Total: 1.101375 ms (FindLiveObjects: 0.106208 ms CreateObjectMapping: 0.023500 ms MarkObjects: 0.919208 ms  DeleteObjects: 0.051292 ms)

========================================================================
Received Prepare
Registering precompiled user dll's ...
Registered in 0.000257 seconds.
Begin MonoManager ReloadAssembly
Native extension for OSXStandalone target not found
Refreshing native plugins compatible for Editor in 0.24 ms, found 1 plugins.
Preloading 0 native plugins for Editor in 0.00 ms.
Invoked RoslynAnalysisRunner static constructor.
RoslynAnalysisRunner will not be running.
RoslynAnalysisRunner has terminated.
Mono: successfully reloaded assembly
- Completed reload, in  1.351 seconds
Platform modules already initialized, skipping
Refreshing native plugins compatible for Editor in 0.22 ms, found 1 plugins.
Preloading 0 native plugins for Editor in 0.00 ms.
Unloading 1117 Unused Serialized files (Serialized files now loaded: 0)
System memory in use before: 220.7 MB.
System memory in use after: 220.8 MB.

Unloading 5 unused Assets to reduce memory usage. Loaded Objects now: 1648.
Total: 1.241792 ms (FindLiveObjects: 0.129541 ms CreateObjectMapping: 0.033834 ms MarkObjects: 0.996750 ms  DeleteObjects: 0.080333 ms)

========================================================================
Received Import Request.
  Time since last request: 9350.946648 seconds.
  path: Assets/Scripts/Player.cs
  artifactKey: Guid(aa82bafa6711a472e85561b31447ae92) Importer(815301076,1909f56bfc062723c751e8b465ee728b)
Start importing Assets/Scripts/Player.cs using Guid(aa82bafa6711a472e85561b31447ae92) Importer(815301076,1909f56bfc062723c751e8b465ee728b)  -> (artifact id: '76fb442a5d309eab7ca7c41737c72502') in 0.005535 seconds
  Import took 0.007241 seconds .

========================================================================
Received Import Request.
  Time since last request: 0.004821 seconds.
  path: Assets/Scripts/Player.cs
  artifactKey: Guid(aa82bafa6711a472e85561b31447ae92) Importer(815301076,1909f56bfc062723c751e8b465ee728b)
Start importing Assets/Scripts/Player.cs using Guid(aa82bafa6711a472e85561b31447ae92) Importer(815301076,1909f56bfc062723c751e8b465ee728b)  -> (artifact id: '76fb442a5d309eab7ca7c41737c72502') in 0.001880 seconds
  Import took 0.003342 seconds .

========================================================================
Received Import Request.
  Time since last request: 142.400897 seconds.
  path: Assets/Scripts/Player.cs
  artifactKey: Guid(aa82bafa6711a472e85561b31447ae92) Importer(815301076,1909f56bfc062723c751e8b465ee728b)
Start importing Assets/Scripts/Player.cs using Guid(aa82bafa6711a472e85561b31447ae92) Importer(815301076,1909f56bfc062723c751e8b465ee728b)  -> (artifact id: '959ea0dd87f8687f344cb35ec1af25d5') in 0.002335 seconds
  Import took 0.004108 seconds .

========================================================================
Received Prepare
Registering precompiled user dll's ...
Registered in 0.000301 seconds.
Begin MonoManager ReloadAssembly
Native extension for OSXStandalone target not found
Refreshing native plugins compatible for Editor in 0.24 ms, found 1 plugins.
Preloading 0 native plugins for Editor in 0.00 ms.
Invoked RoslynAnalysisRunner static constructor.
RoslynAnalysisRunner will not be running.
RoslynAnalysisRunner has terminated.
Mono: successfully reloaded assembly
- Completed reload, in  1.457 seconds
Platform modules already initialized, skipping
Refreshing native plugins compatible for Editor in 0.25 ms, found 1 plugins.
Preloading 0 native plugins for Editor in 0.00 ms.
Unloading 1117 Unused Serialized files (Serialized files now loaded: 0)
System memory in use before: 222.2 MB.
System memory in use after: 222.3 MB.

Unloading 5 unused Assets to reduce memory usage. Loaded Objects now: 1651.
Total: 1.146084 ms (FindLiveObjects: 0.141625 ms CreateObjectMapping: 0.047875 ms MarkObjects: 0.912417 ms  DeleteObjects: 0.042875 ms)

========================================================================
Received Prepare
Registering precompiled user dll's ...
Registered in 0.000404 seconds.
Begin MonoManager ReloadAssembly
Native extension for OSXStandalone target not found
Refreshing native plugins compatible for Editor in 0.25 ms, found 1 plugins.
Preloading 0 native plugins for Editor in 0.00 ms.
Invoked RoslynAnalysisRunner static constructor.
RoslynAnalysisRunner will not be running.
RoslynAnalysisRunner has terminated.
Mono: successfully reloaded assembly
- Completed reload, in  1.549 seconds
Platform modules already initialized, skipping
Refreshing native plugins compatible for Editor in 0.24 ms, found 1 plugins.
Preloading 0 native plugins for Editor in 0.00 ms.
Unloading 1117 Unused Serialized files (Serialized files now loaded: 0)
System memory in use before: 223.7 MB.
System memory in use after: 223.8 MB.

Unloading 5 unused Assets to reduce memory usage. Loaded Objects now: 1654.
Total: 1.302500 ms (FindLiveObjects: 0.118125 ms CreateObjectMapping: 0.024208 ms MarkObjects: 1.101167 ms  DeleteObjects: 0.057458 ms)

